2025-04-14 20:05:33.200361: Connected
2025-04-14 20:05:33.215323: Disconnected
2025-04-14 20:05:33.597803: Connected
2025-04-14 20:05:33.774109: Disconnected
2025-04-14 20:39:51.780886: Connected
2025-04-14 20:39:51.788538: Disconnected
2025-04-14 20:39:52.032251: Connected
2025-04-14 20:39:52.034577: Disconnected
2025-04-14 20:39:52.205143: Connected
2025-04-14 20:39:52.347130: Connected
2025-04-14 20:39:52.550771: Disconnected
2025-04-14 20:39:52.695206: Disconnected
2025-04-14 20:39:52.958694: Connected
2025-04-14 20:39:52.958694: Requested question from quiz 'Minecraft Quiz': What is the name of the default Minecraft character with brown hair?
2025-04-14 20:39:52.964807: Disconnected
2025-04-14 20:41:34.055585: Connected
2025-04-14 20:41:34.077702: Disconnected
2025-04-14 20:41:35.435047: Connected
2025-04-14 20:41:35.435047: Disconnected
2025-04-14 20:41:35.734428: Connected
2025-04-14 20:41:36.021720: Disconnected
2025-04-14 20:41:37.941726: Connected
2025-04-14 20:41:37.941726: Disconnected
2025-04-14 20:41:38.138875: Connected
2025-04-14 20:41:38.138875: Disconnected
2025-04-14 20:41:38.260010: Connected
2025-04-14 20:41:38.262023: Disconnected
2025-04-14 20:41:38.514195: Connected
2025-04-14 20:41:38.514195: Requested question from quiz 'C++ Quiz': What is C++?
2025-04-14 20:41:38.514195: Disconnected
2025-04-14 20:41:44.784019: Connected
2025-04-14 20:41:44.784019: Submitted answer for question 'What is C++?' with answer 'better c' in quiz 'C++ Quiz'
2025-04-14 20:41:44.784019: Correct answer for question: 'What is C++?'
2025-04-14 20:41:44.784019: Disconnected
2025-04-14 20:41:46.562778: Connected
2025-04-14 20:41:46.565216: Requested question from quiz 'C++ Quiz': Who invented C++?
2025-04-14 20:41:46.565216: Disconnected
2025-04-14 20:42:49.433978: Connected
2025-04-14 20:42:49.433978: Submitted answer for question 'Who invented C++?' with answer 'bjarne stroutstrup' in quiz 'C++ Quiz'
2025-04-14 20:42:49.433978: Incorrect answer for question: 'Who invented C++?'
2025-04-14 20:42:49.433978: Disconnected
2025-04-14 20:43:12.516753: Connected
2025-04-14 20:43:12.516753: Submitted answer for question 'Who invented C++?' with answer 'Bjarne stroustrup' in quiz 'C++ Quiz'
2025-04-14 20:43:12.516753: Correct answer for question: 'Who invented C++?'
2025-04-14 20:43:12.516753: Disconnected
2025-04-14 20:43:14.310473: Connected
2025-04-14 20:43:14.310473: Requested question from quiz 'C++ Quiz': What is the file extension for a C++ source file?
2025-04-14 20:43:14.310473: Disconnected
2025-04-14 20:43:19.270401: Connected
2025-04-14 20:43:19.286392: Submitted answer for question 'What is the file extension for a C++ source file?' with answer '.cpp' in quiz 'C++ Quiz'
2025-04-14 20:43:19.290038: Correct answer for question: 'What is the file extension for a C++ source file?'
2025-04-14 20:43:19.290038: Disconnected
2025-04-14 20:43:21.058856: Connected
2025-04-14 20:43:21.058856: Requested question from quiz 'C++ Quiz': Which keyword is used to declare a constant variable in C++?
2025-04-14 20:43:21.060870: Disconnected
2025-04-14 20:43:27.381126: Connected
2025-04-14 20:43:27.383131: Submitted answer for question 'Which keyword is used to declare a constant variable in C++?' with answer 'int' in quiz 'C++ Quiz'
2025-04-14 20:43:27.384892: Incorrect answer for question: 'Which keyword is used to declare a constant variable in C++?'
2025-04-14 20:43:27.386902: Disconnected
2025-04-14 20:43:38.008150: Connected
2025-04-14 20:43:38.008150: Submitted answer for question 'Which keyword is used to declare a constant variable in C++?' with answer 'const' in quiz 'C++ Quiz'
2025-04-14 20:43:38.008150: Correct answer for question: 'Which keyword is used to declare a constant variable in C++?'
2025-04-14 20:43:38.021011: Disconnected
2025-04-14 20:43:39.802411: Connected
2025-04-14 20:43:39.802411: Requested question from quiz 'C++ Quiz': What operator is used to access a member of an object through a pointer?
2025-04-14 20:43:39.802411: Disconnected
2025-04-14 20:43:49.995179: Connected
2025-04-14 20:43:49.995179: Submitted answer for question 'What operator is used to access a member of an object through a pointer?' with answer '->' in quiz 'C++ Quiz'
2025-04-14 20:43:49.995179: Correct answer for question: 'What operator is used to access a member of an object through a pointer?'
2025-04-14 20:43:49.995179: Disconnected
2025-04-14 20:43:51.776540: Connected
2025-04-14 20:43:51.776540: Requested question from quiz 'C++ Quiz': Which standard library container is commonly used as a dynamic array?
2025-04-14 20:43:51.776540: Disconnected
2025-04-14 20:44:15.846424: Connected
2025-04-14 20:44:15.846424: Submitted answer for question 'Which standard library container is commonly used as a dynamic array?' with answer 'std::vector' in quiz 'C++ Quiz'
2025-04-14 20:44:15.846424: Correct answer for question: 'Which standard library container is commonly used as a dynamic array?'
2025-04-14 20:44:15.852938: Disconnected
2025-04-14 20:44:17.653731: Connected
2025-04-14 20:44:17.656821: Requested question from quiz 'C++ Quiz': What is function overloading in C++?
2025-04-14 20:44:17.656821: Disconnected
2025-04-14 20:46:04.859455: Connected
2025-04-14 20:46:04.859455: Submitted answer for question 'What is function overloading in C++?' with answer 'overload' in quiz 'C++ Quiz'
2025-04-14 20:46:04.859455: Correct answer for question: 'What is function overloading in C++?'
2025-04-14 20:46:04.859455: Disconnected
2025-04-14 20:46:06.637573: Connected
2025-04-14 20:46:06.637573: Requested question from quiz 'C++ Quiz': What is the default access level for members in a C++ struct?
2025-04-14 20:46:06.637573: Disconnected
2025-04-14 20:48:55.286186: Connected
2025-04-14 20:48:55.290208: Disconnected
2025-04-14 20:48:55.792788: Connected
2025-04-14 20:48:55.792788: Requested question from quiz 'C++ Quiz': What is C++?
2025-04-14 20:48:55.792788: Disconnected
2025-04-14 20:49:05.916310: Connected
2025-04-14 20:49:05.921429: Disconnected
2025-04-14 20:49:06.223373: Connected
2025-04-14 20:49:06.225390: Disconnected
2025-04-14 20:49:13.952745: Connected
2025-04-14 20:49:13.966778: Disconnected
2025-04-14 20:49:14.322927: Connected
2025-04-14 20:49:14.322927: Disconnected
2025-04-14 20:49:24.570260: Connected
2025-04-14 20:49:24.577589: Disconnected
2025-04-14 20:49:24.764253: Connected
2025-04-14 20:49:24.773555: Disconnected
2025-04-14 20:49:24.897443: Connected
2025-04-14 20:49:24.901471: Disconnected
2025-04-14 20:49:25.154878: Connected
2025-04-14 20:49:25.154878: Requested question from quiz 'Minecraft Quiz': What is the name of the default Minecraft character with brown hair?
2025-04-14 20:49:25.158928: Disconnected
2025-04-14 20:49:32.985722: Connected
2025-04-14 20:49:32.985722: Submitted answer for question 'What is the name of the default Minecraft character with brown hair?' with answer 'steve' in quiz 'Minecraft Quiz'
2025-04-14 20:49:32.985722: Correct answer for question: 'What is the name of the default Minecraft character with brown hair?'
2025-04-14 20:49:32.985722: Disconnected
2025-04-14 20:49:34.781762: Connected
2025-04-14 20:49:34.783775: Requested question from quiz 'Minecraft Quiz': What item is needed to craft a crafting table?
2025-04-14 20:49:34.785784: Disconnected
2025-04-14 20:55:28.404890: Connected
2025-04-14 20:55:28.423688: Disconnected
2025-04-14 20:55:28.801609: Connected
2025-04-14 20:55:28.810405: Connected
2025-04-14 20:55:29.226440: Disconnected
2025-04-14 20:55:29.239988: Disconnected
2025-04-14 20:55:29.513343: Connected
2025-04-14 20:55:29.520222: Requested question from quiz 'Minecraft Quiz': What is the name of the default Minecraft character with brown hair?
2025-04-14 20:55:29.522239: Disconnected
2025-04-14 20:55:32.033879: Connected
2025-04-14 20:55:32.033879: Disconnected
2025-04-14 20:55:32.336160: Connected
2025-04-14 20:55:32.336160: Requested question from quiz 'Minecraft Quiz': What is the name of the default Minecraft character with brown hair?
2025-04-14 20:55:32.336160: Disconnected
