2025-04-17 19:23:39.055550: Connected
2025-04-17 19:23:39.074553: Disconnected
2025-04-17 19:23:39.566677: Connected
2025-04-17 19:23:39.831676: Disconnected
2025-04-17 19:23:44.367117: Connected
2025-04-17 19:23:44.400104: Disconnected
2025-04-17 19:23:44.597640: Connected
2025-04-17 19:23:44.601640: Disconnected
2025-04-17 19:23:44.617640: Connected
2025-04-17 19:23:44.664654: Disconnected
2025-04-17 19:23:44.819654: Connected
2025-04-17 19:23:44.838650: Disconnected
2025-04-17 19:23:47.233457: Connected
2025-04-17 19:23:47.238464: Disconnected
2025-04-17 19:23:47.834033: Connected
2025-04-17 19:23:47.838046: Disconnected
2025-04-17 19:23:47.853035: Connected
2025-04-17 19:23:47.857033: Disconnected
2025-04-17 19:23:48.022032: Connected
2025-04-17 19:23:48.024033: Disconnected
2025-04-17 19:23:49.790743: Connected
2025-04-17 19:23:49.823696: Disconnected
2025-04-17 19:23:50.052330: Connected
2025-04-17 19:23:50.055329: Disconnected
2025-04-17 19:23:50.308336: Connected
2025-04-17 19:23:50.311337: Disconnected
2025-04-17 19:23:50.473879: Connected
2025-04-17 19:23:50.493887: Disconnected
2025-04-17 19:25:20.491283: Connected
2025-04-17 19:25:20.494284: Disconnected
2025-04-17 19:25:20.886816: Connected
2025-04-17 19:25:20.889826: Disconnected
2025-04-17 19:25:52.146909: Connected
2025-04-17 19:25:52.153923: Disconnected
2025-04-17 19:25:52.604456: Connected
2025-04-17 19:25:52.606455: Disconnected
2025-04-17 19:25:52.666461: Connected
2025-04-17 19:25:52.669503: Disconnected
2025-04-17 19:25:52.833461: Connected
2025-04-17 19:25:52.836461: Disconnected
2025-04-17 19:25:54.232612: Connected
2025-04-17 19:25:54.235609: Disconnected
2025-04-17 19:25:54.550834: Connected
2025-04-17 19:25:54.553834: Disconnected
2025-04-17 19:27:51.783079: Connected
2025-04-17 19:27:51.805079: Disconnected
2025-04-17 19:27:52.610723: Connected
2025-04-17 19:27:52.943725: Disconnected
2025-04-17 19:27:56.662675: Connected
2025-04-17 19:27:56.708679: Disconnected
2025-04-17 19:27:56.883683: Connected
2025-04-17 19:27:56.887678: Disconnected
2025-04-17 19:27:56.905678: Connected
2025-04-17 19:27:56.908676: Disconnected
2025-04-17 19:27:57.077324: Connected
2025-04-17 19:27:57.103324: Disconnected
2025-04-17 19:28:14.757734: Connected
2025-04-17 19:28:14.759700: Submitted answer for question 'What is MCreator primarily used for?' with answer 'making minecraft mods' in quiz 'MCreator'
2025-04-17 19:28:14.762695: Incorrect answer for question: 'What is MCreator primarily used for?'
2025-04-17 19:28:14.765734: Disconnected
2025-04-17 19:28:18.402940: Connected
2025-04-17 19:28:18.404943: Disconnected
2025-04-20 09:44:21.795452: Connected
2025-04-20 09:44:21.819470: Disconnected
2025-04-20 09:44:22.204046: Connected
2025-04-20 09:44:22.235660: Disconnected
2025-04-20 09:45:02.148714: Connected
2025-04-20 09:45:02.177115: Disconnected
2025-04-20 09:45:02.272065: Connected
2025-04-20 09:45:02.495263: Disconnected
2025-04-20 09:45:04.476442: Connected
2025-04-20 09:45:04.519785: Disconnected
2025-04-20 09:45:04.591718: Connected
2025-04-20 09:45:04.605831: Disconnected
2025-04-20 09:45:17.540068: Connected
2025-04-20 09:45:17.610199: Disconnected
2025-04-20 09:45:17.718538: Connected
2025-04-20 09:45:17.732837: Disconnected
2025-04-20 09:45:25.474302: Connected
2025-04-20 09:45:25.493783: Disconnected
2025-04-20 09:45:25.585413: Connected
2025-04-20 09:45:25.598932: Disconnected
2025-04-20 09:45:27.397087: Connected
2025-04-20 09:45:27.431086: Disconnected
2025-04-20 09:45:27.508014: Connected
2025-04-20 09:45:27.521563: Disconnected
2025-04-20 09:45:27.534972: Connected
2025-04-20 09:45:27.549370: Disconnected
2025-04-20 09:45:27.594909: Connected
2025-04-20 09:45:27.669562: Disconnected
2025-04-20 09:47:27.558840: Connected
2025-04-20 09:47:27.585959: Disconnected
2025-04-20 09:47:27.670312: Connected
2025-04-20 09:47:27.965347: Disconnected
2025-04-20 09:47:55.895039: Connected
2025-04-20 09:47:55.948114: Disconnected
2025-04-20 09:47:56.036700: Connected
2025-04-20 09:47:56.278902: Disconnected
2025-04-20 09:49:43.632590: Connected
2025-04-20 09:49:43.737788: Disconnected
2025-04-20 09:49:43.865157: Connected
2025-04-20 09:49:43.879277: Disconnected
2025-04-20 09:53:17.827786: Connected
2025-04-20 09:53:17.885321: Disconnected
2025-04-20 09:53:18.025549: Connected
2025-04-20 09:53:18.297339: Disconnected
2025-04-20 09:53:21.692949: Connected
2025-04-20 09:53:21.714510: Disconnected
2025-04-20 09:53:21.796708: Connected
2025-04-20 09:53:21.811379: Disconnected
2025-04-20 09:54:08.892034: Connected
2025-04-20 09:54:08.936128: Disconnected
2025-04-20 09:54:09.064482: Connected
2025-04-20 09:54:09.078147: Disconnected
2025-04-20 09:57:07.151304: Connected
2025-04-20 09:57:07.196883: Disconnected
2025-04-20 09:57:07.330293: Connected
2025-04-20 09:57:07.367581: Disconnected
2025-04-20 09:57:10.216518: Connected
2025-04-20 09:57:10.235995: Disconnected
2025-04-20 09:57:10.334761: Connected
2025-04-20 09:57:10.347750: Disconnected
2025-04-20 10:28:07.658101: Disconnected
2025-04-20 10:28:08.140673: Disconnected
2025-04-20 10:28:11.525849: Disconnected
2025-04-20 10:28:11.638149: Disconnected
2025-04-20 10:28:22.666290: Disconnected
2025-04-20 10:28:22.817718: Disconnected
2025-04-20 10:28:28.893027: Disconnected
2025-04-20 10:28:29.018574: Disconnected
2025-04-20 10:29:28.377068: Disconnected
2025-04-20 10:29:28.516803: Disconnected
2025-04-20 10:29:30.975269: Disconnected
2025-04-20 10:29:31.164917: Disconnected
2025-04-20 10:29:31.228845: Disconnected
2025-04-20 10:29:31.389375: Disconnected
2025-04-20 10:29:37.999544: Submitted answer for question 'What do Creepers drop when killed?' with answer 'gunpowder' in quiz 'Minecraft Quiz 2'
2025-04-20 10:29:38.024345: Correct answer for question: 'What do Creepers drop when killed?'
2025-04-20 10:29:38.041293: Disconnected
2025-04-20 10:29:39.625123: Disconnected
2025-04-20 10:29:45.606057: Submitted answer for question 'What do you need to mine Diamonds?' with answer 'iron' in quiz 'Minecraft Quiz 2'
2025-04-20 10:29:45.626615: Correct answer for question: 'What do you need to mine Diamonds?'
2025-04-20 10:29:45.642675: Disconnected
2025-04-20 10:29:47.232773: Disconnected
2025-04-20 10:29:50.018914: Submitted answer for question 'What is the default Minecraft player skin called?' with answer 'steve' in quiz 'Minecraft Quiz 2'
2025-04-20 10:29:50.039725: Correct answer for question: 'What is the default Minecraft player skin called?'
2025-04-20 10:29:50.059860: Disconnected
2025-04-20 10:29:51.641065: Disconnected
2025-04-20 10:29:58.813334: Submitted answer for question 'What block do you need to craft a Nether Portal?' with answer 'obsidian' in quiz 'Minecraft Quiz 2'
2025-04-20 10:29:58.832656: Correct answer for question: 'What block do you need to craft a Nether Portal?'
2025-04-20 10:29:58.848536: Disconnected
2025-04-20 10:30:00.438917: Disconnected
2025-04-20 10:30:05.539219: Submitted answer for question 'What biome do Polar Bears spawn in?' with answer 'snowy' in quiz 'Minecraft Quiz 2'
2025-04-20 10:30:05.559265: Correct answer for question: 'What biome do Polar Bears spawn in?'
2025-04-20 10:30:05.574340: Disconnected
2025-04-20 10:30:07.167027: Disconnected
2025-04-20 10:30:11.521118: Submitted answer for question 'What mob explodes when close to the player?' with answer 'creeper' in quiz 'Minecraft Quiz 2'
2025-04-20 10:30:11.543207: Correct answer for question: 'What mob explodes when close to the player?'
2025-04-20 10:30:11.561365: Disconnected
2025-04-20 10:30:13.150916: Disconnected
2025-04-20 10:30:18.826397: Submitted answer for question 'What tool is used to mine Stone faster?' with answer 'tnt' in quiz 'Minecraft Quiz 2'
2025-04-20 10:30:18.846148: Incorrect answer for question: 'What tool is used to mine Stone faster?'
2025-04-20 10:30:18.861719: Disconnected
2025-04-20 10:30:23.610878: Submitted answer for question 'What tool is used to mine Stone faster?' with answer 'pickaxe' in quiz 'Minecraft Quiz 2'
2025-04-20 10:30:23.630667: Correct answer for question: 'What tool is used to mine Stone faster?'
2025-04-20 10:30:23.647307: Disconnected
2025-04-20 10:30:25.242691: Disconnected
2025-04-20 10:30:28.804465: Submitted answer for question 'What is the dimension with floating islands?' with answer 'end' in quiz 'Minecraft Quiz 2'
2025-04-20 10:30:28.824737: Correct answer for question: 'What is the dimension with floating islands?'
2025-04-20 10:30:28.844658: Disconnected
2025-04-20 10:30:30.433290: Disconnected
2025-04-20 10:30:33.458775: Submitted answer for question 'What item do you use to tame a Wolf?' with answer 'bone' in quiz 'Minecraft Quiz 2'
2025-04-20 10:30:33.478126: Correct answer for question: 'What item do you use to tame a Wolf?'
2025-04-20 10:30:33.494376: Disconnected
2025-04-20 10:30:35.106590: Disconnected
2025-04-20 10:30:40.784096: Submitted answer for question 'What enchantment makes you swim faster?' with answer 'auqua' in quiz 'Minecraft Quiz 2'
2025-04-20 10:30:40.806669: Incorrect answer for question: 'What enchantment makes you swim faster?'
2025-04-20 10:30:40.823922: Disconnected
2025-04-20 10:30:43.952349: Submitted answer for question 'What enchantment makes you swim faster?' with answer 'affinity' in quiz 'Minecraft Quiz 2'
2025-04-20 10:30:43.972932: Incorrect answer for question: 'What enchantment makes you swim faster?'
2025-04-20 10:30:43.988577: Disconnected
2025-04-20 10:30:48.657649: Submitted answer for question 'What enchantment makes you swim faster?' with answer 'strider' in quiz 'Minecraft Quiz 2'
2025-04-20 10:30:48.676913: Incorrect answer for question: 'What enchantment makes you swim faster?'
2025-04-20 10:30:48.692079: Disconnected
2025-04-20 10:30:57.930547: Submitted answer for question 'What enchantment makes you swim faster?' with answer 'depth' in quiz 'Minecraft Quiz 2'
2025-04-20 10:30:57.950473: Correct answer for question: 'What enchantment makes you swim faster?'
2025-04-20 10:30:57.965628: Disconnected
2025-04-20 10:30:59.559246: Disconnected
2025-04-20 10:31:02.697412: Submitted answer for question 'What block do you use to craft Bread?' with answer 'wheat' in quiz 'Minecraft Quiz 2'
2025-04-20 10:31:02.718562: Correct answer for question: 'What block do you use to craft Bread?'
2025-04-20 10:31:02.734541: Disconnected
2025-04-20 10:31:04.336955: Disconnected
2025-04-20 10:31:08.251621: Submitted answer for question 'What do Endermen drop?' with answer 'eye' in quiz 'Minecraft Quiz 2'
2025-04-20 10:31:08.275128: Incorrect answer for question: 'What do Endermen drop?'
2025-04-20 10:31:08.293739: Disconnected
2025-04-20 10:31:11.030183: Submitted answer for question 'What do Endermen drop?' with answer 'ender' in quiz 'Minecraft Quiz 2'
2025-04-20 10:31:11.050558: Incorrect answer for question: 'What do Endermen drop?'
2025-04-20 10:31:11.064560: Disconnected
2025-04-20 10:31:15.628703: Submitted answer for question 'What do Endermen drop?' with answer 'eyes' in quiz 'Minecraft Quiz 2'
2025-04-20 10:31:15.648524: Incorrect answer for question: 'What do Endermen drop?'
2025-04-20 10:31:15.663235: Disconnected
2025-04-20 10:31:20.442352: Submitted answer for question 'What do Endermen drop?' with answer 'ender' in quiz 'Minecraft Quiz 2'
2025-04-20 10:31:20.464514: Incorrect answer for question: 'What do Endermen drop?'
2025-04-20 10:31:20.519532: Disconnected
2025-04-20 10:31:22.854543: Submitted answer for question 'What do Endermen drop?' with answer 'pearl' in quiz 'Minecraft Quiz 2'
2025-04-20 10:31:22.875643: Incorrect answer for question: 'What do Endermen drop?'
2025-04-20 10:31:22.892001: Disconnected
2025-04-20 10:31:50.967734: Submitted answer for question 'What do Endermen drop?' with answer 'pearls' in quiz 'Minecraft Quiz 2'
2025-04-20 10:31:50.989822: Correct answer for question: 'What do Endermen drop?'
2025-04-20 10:31:51.008030: Disconnected
2025-04-20 10:31:52.613882: Disconnected
2025-04-20 10:31:58.995338: Submitted answer for question 'What animal gives you Wool?' with answer 'sheep' in quiz 'Minecraft Quiz 2'
2025-04-20 10:31:59.015307: Correct answer for question: 'What animal gives you Wool?'
2025-04-20 10:31:59.030044: Disconnected
2025-04-20 10:32:00.608879: Disconnected
2025-04-20 10:32:05.700705: Submitted answer for question 'What do you need to breed Cows?' with answer 'wheat' in quiz 'Minecraft Quiz 2'
2025-04-20 10:32:05.721062: Correct answer for question: 'What do you need to breed Cows?'
2025-04-20 10:32:05.736006: Disconnected
2025-04-20 10:32:07.333040: Disconnected
2025-04-20 10:32:10.547364: Submitted answer for question 'What structure is found in the End?' with answer 'city' in quiz 'Minecraft Quiz 2'
2025-04-20 10:32:10.566415: Correct answer for question: 'What structure is found in the End?'
2025-04-20 10:32:10.580994: Disconnected
2025-04-20 10:32:12.178839: Disconnected
2025-04-20 10:32:20.975296: Submitted answer for question 'What do Villagers use to choose jobs?' with answer 'tables' in quiz 'Minecraft Quiz 2'
2025-04-20 10:32:20.995961: Incorrect answer for question: 'What do Villagers use to choose jobs?'
2025-04-20 10:32:21.014476: Disconnected
2025-04-20 10:32:25.244237: Submitted answer for question 'What do Villagers use to choose jobs?' with answer 'table' in quiz 'Minecraft Quiz 2'
2025-04-20 10:32:25.265994: Correct answer for question: 'What do Villagers use to choose jobs?'
2025-04-20 10:32:25.281852: Disconnected
2025-04-20 10:32:26.862810: Disconnected
2025-04-20 10:32:29.290528: Submitted answer for question 'What color is Redstone dust?' with answer 'red' in quiz 'Minecraft Quiz 2'
2025-04-20 10:32:29.311150: Correct answer for question: 'What color is Redstone dust?'
2025-04-20 10:32:29.326912: Disconnected
2025-04-20 10:32:30.908300: Disconnected
2025-04-20 10:32:34.530989: Submitted answer for question 'What item lets you glide?' with answer 'elytra' in quiz 'Minecraft Quiz 2'
2025-04-20 10:32:34.551678: Correct answer for question: 'What item lets you glide?'
2025-04-20 10:32:34.565767: Disconnected
2025-04-20 10:32:36.161553: Disconnected
2025-04-20 10:32:40.093106: Submitted answer for question 'What block do Bees use to make honey?' with answer 'hive' in quiz 'Minecraft Quiz 2'
2025-04-20 10:32:40.114541: Correct answer for question: 'What block do Bees use to make honey?'
2025-04-20 10:32:40.130365: Disconnected
2025-04-20 10:32:41.731054: Disconnected
2025-04-20 10:32:46.927690: Submitted answer for question 'What item is needed to cure a Zombie Villager?' with answer 'applr' in quiz 'Minecraft Quiz 2'
2025-04-20 10:32:46.947589: Incorrect answer for question: 'What item is needed to cure a Zombie Villager?'
2025-04-20 10:32:46.962861: Disconnected
2025-04-20 10:33:01.927834: Submitted answer for question 'What item is needed to cure a Zombie Villager?' with answer 'apple' in quiz 'Minecraft Quiz 2'
2025-04-20 10:33:01.947688: Correct answer for question: 'What item is needed to cure a Zombie Villager?'
2025-04-20 10:33:01.962206: Disconnected
2025-04-20 10:33:03.559032: Disconnected
2025-04-20 10:33:06.864455: Submitted answer for question 'What do Skeletons shoot?' with answer 'arrows' in quiz 'Minecraft Quiz 2'
2025-04-20 10:33:06.885585: Correct answer for question: 'What do Skeletons shoot?'
2025-04-20 10:33:06.900809: Disconnected
2025-04-20 10:33:08.490962: Disconnected
2025-04-20 10:33:13.036831: Submitted answer for question 'What metal is used to craft Rails?' with answer 'iron' in quiz 'Minecraft Quiz 2'
2025-04-20 10:33:13.058000: Correct answer for question: 'What metal is used to craft Rails?'
2025-04-20 10:33:13.073838: Disconnected
2025-04-20 10:33:14.654310: Disconnected
2025-04-20 10:33:20.261060: Submitted answer for question 'What fruit teleports you when eaten?' with answer 'chorus' in quiz 'Minecraft Quiz 2'
2025-04-20 10:33:20.280561: Correct answer for question: 'What fruit teleports you when eaten?'
2025-04-20 10:33:20.294850: Disconnected
2025-04-20 10:33:21.877976: Disconnected
2025-04-20 10:33:25.881340: Submitted answer for question 'What mob drops Blaze Rods?' with answer 'blaze' in quiz 'Minecraft Quiz 2'
2025-04-20 10:33:25.901165: Correct answer for question: 'What mob drops Blaze Rods?'
2025-04-20 10:33:25.916546: Disconnected
2025-04-20 10:33:27.514111: Disconnected
2025-04-20 10:33:35.602388: Submitted answer for question 'What material is used to make Armor strongest?' with answer 'netherite' in quiz 'Minecraft Quiz 2'
2025-04-20 10:33:35.625099: Correct answer for question: 'What material is used to make Armor strongest?'
2025-04-20 10:33:35.639871: Disconnected
2025-04-20 10:33:37.224571: Disconnected
2025-04-20 10:33:49.919448: Submitted answer for question 'What potion makes you invisible?' with answer 'invisibility' in quiz 'Minecraft Quiz 2'
2025-04-20 10:33:49.940555: Correct answer for question: 'What potion makes you invisible?'
2025-04-20 10:33:49.955451: Disconnected
2025-04-20 10:33:51.543415: Disconnected
2025-04-20 10:34:00.416278: Submitted answer for question 'What mob is found in the Nether and throws fireballs?' with answer 'ghast' in quiz 'Minecraft Quiz 2'
2025-04-20 10:34:00.436935: Correct answer for question: 'What mob is found in the Nether and throws fireballs?'
2025-04-20 10:34:00.453498: Disconnected
2025-04-20 10:34:02.046639: Disconnected
2025-04-20 10:34:14.820877: Submitted answer for question 'What block do you use to enchant items?' with answer 'enchantment' in quiz 'Minecraft Quiz 2'
2025-04-20 10:34:14.840462: Incorrect answer for question: 'What block do you use to enchant items?'
2025-04-20 10:34:14.855849: Disconnected
2025-04-20 10:34:19.643722: Submitted answer for question 'What block do you use to enchant items?' with answer 'table' in quiz 'Minecraft Quiz 2'
2025-04-20 10:34:19.662662: Correct answer for question: 'What block do you use to enchant items?'
2025-04-20 10:34:19.677334: Disconnected
2025-04-20 10:34:21.259012: Disconnected
2025-04-20 10:34:52.381903: Disconnected
2025-04-20 10:35:15.863321: Submitted answer for question 'What do you use to light a Nether Portal?' with answer 'flint' in quiz 'Minecraft Quiz 2'
2025-04-20 10:35:15.883187: Correct answer for question: 'What do you use to light a Nether Portal?'
2025-04-20 10:35:15.898895: Disconnected
2025-04-20 10:35:17.449610: Disconnected
2025-04-20 10:35:34.610445: Disconnected
2025-04-20 10:35:34.705025: Disconnected
