2025-04-20 12:36:56.723708: Disconnected
2025-04-20 12:36:57.238946: Disconnected
2025-04-20 12:36:59.649013: Disconnected
2025-04-20 12:36:59.710618: Disconnected
2025-04-20 12:36:59.752543: Disconnected
2025-04-20 12:37:05.259363: Disconnected
2025-04-20 12:37:08.065745: Disconnected
2025-04-20 12:37:10.125186: Disconnected
2025-04-20 12:37:10.180971: Disconnected
2025-04-20 12:41:18.311901: Disconnected
2025-04-20 12:41:20.382812: Disconnected
2025-04-20 12:41:20.483971: Finished quiz 'Best Quiz' with 0 correct out of 0 attempts
2025-04-20 12:41:20.497186: Disconnected
2025-04-20 12:41:20.546912: Disconnected
2025-04-20 12:41:20.559759: Disconnected
2025-04-20 12:41:23.169528: Disconnected
2025-04-20 12:41:23.665979: Disconnected
2025-04-20 12:41:23.680017: Disconnected
2025-04-20 12:41:23.680752: Disconnected
2025-04-20 12:41:23.706515: Disconnected
2025-04-20 12:41:23.706921: Disconnected
2025-04-20 12:41:23.754756: Finished quiz 'Best Quiz' with 0 correct out of 0 attempts
2025-04-20 12:41:23.767608: Finished quiz 'Best Quiz' with 0 correct out of 0 attempts
2025-04-20 12:41:23.782146: Disconnected
2025-04-20 12:41:23.795215: Disconnected
2025-04-20 12:41:23.878913: Finished quiz 'Best Quiz' with 0 correct out of 0 attempts
2025-04-20 12:41:23.897899: Finished quiz 'Best Quiz' with 0 correct out of 0 attempts
2025-04-20 12:41:23.911025: Disconnected
2025-04-20 12:41:23.924169: Disconnected
2025-04-20 12:41:23.948496: Disconnected
2025-04-20 12:41:23.962863: Disconnected
2025-04-20 12:41:28.797119: Disconnected
2025-04-20 12:51:11.213158: Disconnected
2025-04-20 12:51:11.262010: Disconnected
2025-04-20 12:51:17.046529: Disconnected
2025-04-20 12:51:17.217976: Disconnected
2025-04-20 12:51:18.214181: Disconnected
2025-04-20 12:51:18.258441: Disconnected
2025-04-20 12:51:46.680180: Disconnected
2025-04-20 12:51:46.734584: Disconnected
2025-04-20 12:51:48.443025: Disconnected
2025-04-20 12:51:48.489316: Disconnected
2025-04-20 12:51:53.009165: Disconnected
2025-04-20 12:51:53.076173: Disconnected
2025-04-20 12:51:53.117923: Disconnected
2025-04-20 12:51:58.552713: Disconnected
2025-04-20 12:52:00.623549: Disconnected
2025-04-20 12:52:00.678735: Disconnected
2025-04-20 12:52:03.061503: Disconnected
2025-04-20 12:52:05.131971: Disconnected
2025-04-20 12:52:05.245833: Finished quiz 'hello poo' with 0 correct out of 0 attempts
2025-04-20 12:52:05.259126: Disconnected
2025-04-20 12:52:05.319091: Disconnected
2025-04-20 12:52:05.331080: Disconnected
2025-04-20 12:52:11.098351: Disconnected
2025-04-20 12:52:11.149760: Disconnected
2025-04-20 12:52:20.370464: Disconnected
2025-04-20 12:52:20.452468: Disconnected
2025-04-20 12:52:21.872283: Disconnected
2025-04-20 12:52:22.057008: Disconnected
2025-04-20 12:52:32.681198: Disconnected
2025-04-20 12:52:32.727931: Disconnected
2025-04-20 12:52:38.524507: Disconnected
2025-04-20 12:52:38.578848: Disconnected
2025-04-20 12:53:41.500771: Disconnected
2025-04-20 12:53:41.561394: Disconnected
2025-04-20 12:53:44.030729: Disconnected
2025-04-20 12:53:44.076645: Disconnected
2025-04-20 12:53:46.016184: Disconnected
2025-04-20 12:53:46.064940: Disconnected
2025-04-20 12:53:46.100974: Disconnected
2025-04-20 12:53:50.421591: Disconnected
2025-04-20 12:53:52.484719: Disconnected
2025-04-20 12:53:52.543365: Disconnected
2025-04-20 12:53:55.588678: Disconnected
2025-04-20 12:53:57.652801: Disconnected
2025-04-20 12:53:57.756702: Finished quiz 'Poo Quiz' with 0 correct out of 0 attempts
2025-04-20 12:53:57.770129: Disconnected
2025-04-20 12:53:57.837401: Disconnected
2025-04-20 12:53:57.850963: Disconnected
2025-04-20 12:53:59.548864: Disconnected
2025-04-20 12:54:00.969181: Disconnected
2025-04-20 12:54:00.971431: Disconnected
2025-04-20 12:54:00.985647: Disconnected
2025-04-20 12:54:00.987278: Disconnected
2025-04-20 12:54:00.998865: Disconnected
2025-04-20 12:54:01.023664: Disconnected
2025-04-20 12:54:01.061140: Finished quiz 'Poo Quiz' with 0 correct out of 0 attempts
2025-04-20 12:54:01.079771: Finished quiz 'Poo Quiz' with 0 correct out of 0 attempts
2025-04-20 12:54:01.080847: Finished quiz 'Poo Quiz' with 0 correct out of 0 attempts
2025-04-20 12:54:01.106954: Disconnected
2025-04-20 12:54:01.120137: Disconnected
2025-04-20 12:54:01.134024: Disconnected
2025-04-20 12:54:01.242379: Finished quiz 'Poo Quiz' with 0 correct out of 0 attempts
2025-04-20 12:54:01.274871: Finished quiz 'Poo Quiz' with 0 correct out of 0 attempts
2025-04-20 12:54:01.275113: Disconnected
2025-04-20 12:54:01.312075: Disconnected
2025-04-20 12:54:01.328894: Disconnected
2025-04-20 12:54:01.343503: Disconnected
2025-04-20 12:54:01.357327: Disconnected
2025-04-20 12:54:06.414285: Disconnected
2025-04-20 12:54:18.429361: Disconnected
2025-04-20 12:54:18.493874: Disconnected
2025-04-20 12:54:18.531692: Disconnected
2025-04-20 12:54:34.585059: Disconnected
2025-04-20 12:54:36.634928: Disconnected
2025-04-20 12:54:36.687137: Disconnected
2025-04-20 12:54:41.230104: Disconnected
2025-04-20 12:54:43.288551: Disconnected
2025-04-20 12:54:43.341621: Disconnected
2025-04-20 12:55:04.884900: Disconnected
2025-04-20 12:55:06.955153: Disconnected
2025-04-20 12:55:07.022418: Disconnected
2025-04-20 12:55:09.332053: Disconnected
2025-04-20 12:55:13.155800: Disconnected
2025-04-20 12:55:15.213695: Disconnected
2025-04-20 12:55:15.274587: Disconnected
2025-04-20 12:55:24.920775: Disconnected
2025-04-20 12:55:31.122847: Disconnected
2025-04-20 12:55:31.631597: Disconnected
2025-04-20 12:55:31.808020: Disconnected
2025-04-20 12:55:32.024360: Disconnected
2025-04-20 12:55:32.222075: Disconnected
2025-04-20 12:56:00.260246: Disconnected
2025-04-20 12:56:02.241954: Disconnected
2025-04-20 12:56:02.307868: Disconnected
2025-04-20 12:56:08.285102: Disconnected
2025-04-20 12:56:32.075216: Disconnected
2025-04-20 12:56:32.840667: Disconnected
2025-04-20 12:56:33.050286: Disconnected
2025-04-20 12:57:48.536950: Disconnected
2025-04-20 12:57:50.638716: Disconnected
2025-04-20 12:57:50.728870: Disconnected
2025-04-20 12:57:54.372992: Disconnected
2025-04-20 12:57:56.438393: Disconnected
2025-04-20 12:57:56.522523: Disconnected
2025-04-20 12:58:02.541161: Disconnected
2025-04-20 12:58:11.105965: Disconnected
2025-04-20 12:58:13.213467: Disconnected
2025-04-20 12:58:13.299701: Disconnected
2025-04-20 12:58:17.056675: Disconnected
2025-04-20 12:58:19.121588: Disconnected
2025-04-20 12:58:19.181270: Disconnected
2025-04-20 12:58:23.817810: Disconnected
2025-04-20 12:58:25.891894: Disconnected
2025-04-20 12:58:25.943283: Disconnected
2025-04-20 12:58:32.438459: Disconnected
2025-04-20 12:58:47.020325: Disconnected
2025-04-20 12:58:49.147426: Disconnected
2025-04-20 12:58:49.249965: Disconnected
2025-04-20 12:58:55.196600: Disconnected
2025-04-20 12:58:57.400725: Disconnected
2025-04-20 12:58:59.460230: Disconnected
2025-04-20 12:58:59.506669: Disconnected
2025-04-20 12:59:07.858354: Disconnected
2025-04-20 12:59:10.172133: Disconnected
2025-04-20 12:59:10.247356: Disconnected
2025-04-20 12:59:17.378834: Disconnected
2025-04-20 12:59:19.445275: Disconnected
2025-04-20 12:59:19.549529: Disconnected
2025-04-20 12:59:30.996768: Disconnected
2025-04-20 12:59:33.112838: Disconnected
2025-04-20 12:59:33.233766: Disconnected
2025-04-20 12:59:42.518635: Disconnected
2025-04-20 12:59:44.625037: Disconnected
2025-04-20 12:59:44.712244: Disconnected
2025-04-20 12:59:49.197830: Disconnected
2025-04-20 12:59:51.259286: Disconnected
2025-04-20 12:59:51.325295: Disconnected
2025-04-20 13:00:03.704235: Disconnected
2025-04-20 13:00:05.766606: Disconnected
2025-04-20 13:00:05.841272: Disconnected
2025-04-20 13:00:10.360464: Disconnected
2025-04-20 13:00:15.238346: Disconnected
2025-04-20 13:00:17.301631: Disconnected
2025-04-20 13:00:17.365604: Disconnected
2025-04-20 13:00:31.758017: Disconnected
2025-04-20 13:00:33.846256: Disconnected
2025-04-20 13:00:33.915550: Disconnected
2025-04-20 13:00:36.375313: Disconnected
2025-04-20 13:00:39.145814: Disconnected
2025-04-20 13:00:41.210938: Disconnected
2025-04-20 13:00:41.273879: Disconnected
2025-04-20 13:00:51.591411: Disconnected
2025-04-20 13:00:53.666317: Disconnected
2025-04-20 13:00:53.739109: Disconnected
2025-04-20 13:00:58.626203: Disconnected
2025-04-20 13:01:00.392474: Disconnected
2025-04-20 13:01:09.997850: Disconnected
2025-04-20 13:01:12.105019: Disconnected
2025-04-20 13:01:12.192071: Disconnected
2025-04-20 13:01:22.291151: Disconnected
2025-04-20 13:01:24.424603: Disconnected
2025-04-20 13:01:24.495549: Disconnected
2025-04-20 13:01:34.473458: Disconnected
2025-04-20 13:01:36.547468: Disconnected
2025-04-20 13:01:36.619805: Disconnected
2025-04-20 13:01:40.982212: Disconnected
2025-04-20 13:01:43.045234: Disconnected
2025-04-20 13:01:43.100838: Disconnected
2025-04-20 13:01:55.752723: Disconnected
2025-04-20 13:01:55.825869: Disconnected
2025-04-20 13:01:57.816113: Disconnected
2025-04-20 13:01:57.878114: Disconnected
2025-04-20 13:02:10.767596: Disconnected
2025-04-20 13:02:12.842180: Disconnected
2025-04-20 13:02:12.913065: Disconnected
2025-04-20 13:02:19.219019: Disconnected
2025-04-20 13:02:21.284818: Disconnected
2025-04-20 13:02:21.342787: Disconnected
2025-04-20 13:02:31.314573: Disconnected
2025-04-20 13:02:33.383566: Disconnected
2025-04-20 13:02:33.440832: Disconnected
2025-04-20 13:02:47.320598: Disconnected
2025-04-20 13:02:55.191051: Disconnected
2025-04-20 13:03:02.977027: Disconnected
2025-04-20 13:03:05.126388: Disconnected
2025-04-20 13:03:07.233544: Disconnected
2025-04-20 13:03:07.311802: Disconnected
2025-04-20 13:03:12.747928: Disconnected
2025-04-20 13:03:14.812396: Disconnected
2025-04-20 13:03:14.927908: Finished quiz 'Grian Quiz' with 0 correct out of 0 attempts
2025-04-20 13:03:14.942406: Disconnected
2025-04-20 13:03:15.016277: Disconnected
2025-04-20 13:03:15.028468: Disconnected
2025-04-20 13:03:16.637989: Disconnected
2025-04-20 13:03:18.160798: Disconnected
2025-04-20 13:03:18.161600: Disconnected
2025-04-20 13:03:18.186729: Disconnected
2025-04-20 13:03:18.186852: Disconnected
2025-04-20 13:03:18.187287: Disconnected
2025-04-20 13:03:18.187797: Disconnected
2025-04-20 13:03:18.213395: Disconnected
2025-04-20 13:03:18.237928: Disconnected
2025-04-20 13:03:18.294156: Finished quiz 'Grian Quiz' with 0 correct out of 0 attempts
2025-04-20 13:03:18.294384: Finished quiz 'Grian Quiz' with 0 correct out of 0 attempts
2025-04-20 13:03:18.313343: Finished quiz 'Grian Quiz' with 0 correct out of 0 attempts
2025-04-20 13:03:18.327688: Disconnected
2025-04-20 13:03:18.341526: Disconnected
2025-04-20 13:03:18.341876: Disconnected
2025-04-20 13:03:18.546147: Finished quiz 'Grian Quiz' with 0 correct out of 0 attempts
2025-04-20 13:03:18.560390: Disconnected
2025-04-20 13:03:18.574385: Finished quiz 'Grian Quiz' with 0 correct out of 0 attempts
2025-04-20 13:03:18.593317: Disconnected
2025-04-20 13:03:18.608362: Disconnected
2025-04-20 13:03:18.631986: Disconnected
2025-04-20 13:03:18.645690: Disconnected
2025-04-20 13:03:20.309370: Disconnected
2025-04-20 13:03:32.422441: Disconnected
2025-04-20 13:03:32.442855: Disconnected
2025-04-20 13:03:32.456482: Disconnected
2025-04-20 13:03:32.489840: Disconnected
2025-04-20 13:03:32.503781: Disconnected
2025-04-20 13:03:32.504179: Disconnected
2025-04-20 13:03:32.530405: Disconnected
2025-04-20 13:03:32.544411: Disconnected
2025-04-20 13:03:32.559201: Disconnected
2025-04-20 13:03:32.559470: Disconnected
2025-04-20 13:03:32.585374: Disconnected
2025-04-20 13:03:32.603542: Disconnected
2025-04-20 13:03:32.620748: Disconnected
2025-04-20 13:03:32.636032: Disconnected
2025-04-20 13:03:32.636332: Disconnected
2025-04-20 13:03:32.662782: Disconnected
2025-04-20 13:03:32.676225: Disconnected
2025-04-20 13:03:32.689340: Disconnected
2025-04-20 13:03:43.154203: Disconnected
2025-04-20 13:03:59.151745: Disconnected
2025-04-20 13:04:00.450129: Disconnected
2025-04-20 13:04:00.470716: Disconnected
2025-04-20 13:04:00.471596: Disconnected
2025-04-20 13:04:00.507929: Disconnected
2025-04-20 13:04:00.521348: Disconnected
2025-04-20 13:04:00.521759: Disconnected
2025-04-20 13:04:00.539236: Disconnected
2025-04-20 13:04:00.555801: Disconnected
2025-04-20 13:04:00.571215: Disconnected
2025-04-20 13:04:00.584340: Disconnected
2025-04-20 13:04:00.609084: Disconnected
2025-04-20 13:04:00.609461: Disconnected
2025-04-20 13:04:00.621765: Disconnected
2025-04-20 13:04:00.622442: Disconnected
2025-04-20 13:04:00.648631: Disconnected
2025-04-20 13:04:00.661578: Disconnected
2025-04-20 13:04:00.661981: Disconnected
2025-04-20 13:04:00.689232: Disconnected
2025-04-20 13:04:00.689426: Disconnected
2025-04-20 13:04:00.689761: Disconnected
2025-04-20 13:04:00.717415: Disconnected
2025-04-20 13:04:00.717592: Disconnected
2025-04-20 13:04:06.097882: Disconnected
2025-04-20 13:04:30.243994: Disconnected
2025-04-20 13:04:30.289728: Disconnected
2025-04-20 13:04:35.818768: Disconnected
2025-04-20 13:04:35.911064: Disconnected
2025-04-20 13:04:41.752276: Disconnected
2025-04-20 13:04:41.801242: Disconnected
2025-04-20 13:04:43.024257: Disconnected
2025-04-20 13:04:43.076155: Disconnected
2025-04-20 13:04:45.884389: Disconnected
2025-04-20 13:04:45.935682: Disconnected
2025-04-20 13:08:10.660939: Disconnected
2025-04-20 13:08:10.748023: Disconnected
2025-04-20 13:08:12.140415: Disconnected
2025-04-20 13:08:12.194534: Disconnected
2025-04-20 13:08:26.230085: Disconnected
2025-04-20 13:08:26.288394: Disconnected
2025-04-20 13:08:26.324356: Disconnected
2025-04-20 13:08:38.545769: Disconnected
2025-04-20 13:08:40.619721: Disconnected
2025-04-20 13:08:40.678971: Disconnected
2025-04-20 13:08:48.504389: Disconnected
2025-04-20 13:08:50.568250: Disconnected
2025-04-20 13:08:50.624613: Disconnected
2025-04-20 13:08:54.275231: Disconnected
2025-04-20 13:08:56.335306: Disconnected
2025-04-20 13:08:56.406100: Disconnected
2025-04-20 13:09:01.812667: Disconnected
2025-04-20 13:09:10.162879: Disconnected
2025-04-20 13:09:12.223682: Disconnected
2025-04-20 13:09:12.274744: Disconnected
2025-04-20 13:09:14.959600: Disconnected
2025-04-20 13:09:17.027952: Disconnected
2025-04-20 13:09:17.081098: Disconnected
2025-04-20 13:09:19.975431: Disconnected
2025-04-20 13:09:22.036079: Disconnected
2025-04-20 13:09:22.094426: Disconnected
2025-04-20 13:09:24.573673: Disconnected
2025-04-20 13:09:26.634236: Disconnected
2025-04-20 13:09:26.751978: Disconnected
2025-04-20 13:09:31.890176: Disconnected
2025-04-20 13:09:33.951183: Disconnected
2025-04-20 13:09:34.005376: Disconnected
2025-04-20 13:09:38.512095: Disconnected
2025-04-20 13:09:43.290545: Disconnected
2025-04-20 13:09:45.350206: Disconnected
2025-04-20 13:09:45.479952: Finished quiz 'Bacon the Dog Quiz' with 0 correct out of 0 attempts
2025-04-20 13:09:45.494736: Disconnected
2025-04-20 13:09:45.556004: Disconnected
2025-04-20 13:09:45.567918: Disconnected
2025-04-20 13:09:59.110347: Disconnected
2025-04-20 13:09:59.155349: Disconnected
2025-04-20 13:09:59.191116: Disconnected
2025-04-20 13:10:00.560031: Disconnected
2025-04-20 13:10:00.580534: Disconnected
2025-04-20 13:10:00.594352: Disconnected
2025-04-20 13:10:00.671221: Disconnected
2025-04-20 13:10:00.671548: Disconnected
2025-04-20 13:10:00.701891: Disconnected
2025-04-20 13:10:00.702490: Disconnected
2025-04-20 13:10:00.715070: Disconnected
2025-04-20 13:10:00.737510: Disconnected
2025-04-20 13:10:00.753012: Disconnected
2025-04-20 13:10:00.766326: Disconnected
2025-04-20 13:10:01.453969: Disconnected
2025-04-20 13:10:01.473082: Disconnected
2025-04-20 13:10:01.486781: Disconnected
2025-04-20 13:10:01.487086: Disconnected
2025-04-20 13:10:01.542212: Finished quiz 'Bacon the Dog Quiz' with 0 correct out of 0 attempts
2025-04-20 13:10:01.542504: Finished quiz 'Bacon the Dog Quiz' with 0 correct out of 0 attempts
2025-04-20 13:10:01.604883: Finished quiz 'Bacon the Dog Quiz' with 0 correct out of 0 attempts
2025-04-20 13:10:01.605330: Disconnected
2025-04-20 13:10:01.619797: Disconnected
2025-04-20 13:10:01.620036: Finished quiz 'Bacon the Dog Quiz' with 0 correct out of 0 attempts
2025-04-20 13:10:01.633162: Disconnected
2025-04-20 13:10:01.648236: Disconnected
2025-04-20 13:10:01.832356: Disconnected
2025-04-20 13:10:01.846528: Disconnected
2025-04-20 13:10:01.847094: Disconnected
2025-04-20 13:10:01.873050: Disconnected
2025-04-20 13:10:02.033649: Finished quiz 'Bacon the Dog Quiz' with 0 correct out of 0 attempts
2025-04-20 13:10:02.114013: Finished quiz 'Bacon the Dog Quiz' with 0 correct out of 0 attempts
2025-04-20 13:10:02.127342: Finished quiz 'Bacon the Dog Quiz' with 0 correct out of 0 attempts
2025-04-20 13:10:02.140247: Disconnected
2025-04-20 13:10:02.140405: Finished quiz 'Bacon the Dog Quiz' with 0 correct out of 0 attempts
2025-04-20 13:10:02.155504: Disconnected
2025-04-20 13:10:02.156814: Disconnected
2025-04-20 13:10:02.172166: Disconnected
2025-04-20 13:10:02.197375: Disconnected
2025-04-20 13:10:02.197663: Disconnected
2025-04-20 13:10:02.212492: Disconnected
2025-04-20 13:10:02.225716: Disconnected
2025-04-20 13:10:14.519756: Disconnected
2025-04-20 13:13:42.264770: Disconnected
2025-04-20 13:13:42.567567: Disconnected
2025-04-20 13:13:49.158206: Disconnected
2025-04-20 13:13:51.563758: Disconnected
2025-04-20 13:13:51.611429: Disconnected
2025-04-20 13:14:03.710547: Disconnected
2025-04-20 13:14:07.136806: Disconnected
2025-04-20 13:14:07.196843: Disconnected
2025-04-20 13:17:34.579883: Disconnected
2025-04-20 13:17:35.093776: Disconnected
2025-04-20 13:18:12.829704: Disconnected
2025-04-20 13:18:13.062173: Disconnected
2025-04-20 13:18:14.533789: Disconnected
2025-04-20 13:18:14.591584: Disconnected
2025-04-20 13:18:15.403914: Disconnected
2025-04-20 13:18:15.460167: Disconnected
2025-04-20 13:18:15.815508: Disconnected
2025-04-20 13:18:15.862773: Disconnected
2025-04-20 13:18:15.902740: Disconnected
2025-04-20 13:18:16.369370: Disconnected
2025-04-20 13:18:16.414066: Disconnected
2025-04-20 13:18:16.803146: Disconnected
2025-04-20 13:18:16.844523: Disconnected
2025-04-20 13:21:30.699776: Disconnected
2025-04-20 13:21:31.374730: Disconnected
2025-04-20 13:21:31.534257: Disconnected
2025-04-20 13:21:31.710008: Disconnected
2025-04-20 13:21:31.901059: Disconnected
2025-04-20 13:21:31.948939: Disconnected
2025-04-20 13:21:33.259803: Disconnected
2025-04-20 13:21:33.334794: Disconnected
2025-04-20 13:28:49.431620: Disconnected
2025-04-20 13:28:50.286067: Disconnected
2025-04-20 13:32:37.649384: Disconnected
2025-04-20 13:33:52.007027: Disconnected
2025-04-20 13:34:30.054068: Disconnected
2025-04-20 13:34:30.325084: Disconnected
2025-04-20 13:34:35.146821: Disconnected
2025-04-20 13:37:12.095696: Disconnected
2025-04-20 13:37:14.596780: Disconnected
2025-04-20 13:37:14.878633: Disconnected
2025-04-20 13:37:19.272219: Disconnected
2025-04-20 13:37:23.644026: Disconnected
2025-04-20 13:37:23.708044: Disconnected
2025-04-20 13:37:27.601243: Disconnected
2025-04-20 13:40:34.792575: Disconnected
2025-04-20 13:40:34.999220: Disconnected
2025-04-20 13:43:16.904961: Disconnected
2025-04-20 13:43:17.127617: Disconnected
2025-04-20 13:43:29.832672: Disconnected
2025-04-20 13:43:29.928037: Disconnected
2025-04-20 13:43:33.537956: Disconnected
2025-04-20 13:43:33.589184: Disconnected
2025-04-20 13:43:35.019877: Disconnected
2025-04-20 13:43:37.572091: Disconnected
2025-04-20 13:43:37.621624: Disconnected
2025-04-20 13:49:57.843969: Disconnected
2025-04-20 13:49:58.328825: Disconnected
2025-04-20 13:50:39.443332: Disconnected
2025-04-20 13:50:39.681588: Disconnected
2025-04-20 13:50:41.355679: Disconnected
2025-04-20 13:50:41.421437: Disconnected
2025-04-20 13:50:50.353495: Disconnected
2025-04-20 13:50:50.512548: Disconnected
2025-04-20 13:51:45.466549: Disconnected
2025-04-20 13:51:45.704644: Disconnected
2025-04-20 13:51:50.840935: Disconnected
2025-04-20 13:51:54.105037: Disconnected
2025-04-20 13:51:54.184763: Disconnected
2025-04-20 13:52:00.145132: Disconnected
2025-04-20 13:52:00.167748: Disconnected
2025-04-20 13:52:00.183632: Disconnected
2025-04-20 13:52:00.183632: Disconnected
2025-04-20 13:52:00.199694: Disconnected
2025-04-20 13:52:00.231170: Disconnected
2025-04-20 13:52:00.445651: Disconnected
2025-04-20 13:52:00.454718: Disconnected
2025-04-20 13:52:00.550965: Disconnected
2025-04-20 13:52:00.550965: Disconnected
2025-04-20 13:52:00.598587: Disconnected
2025-04-20 13:52:00.598587: Disconnected
2025-04-20 13:52:14.171973: Disconnected
2025-04-20 13:52:26.594479: Disconnected
2025-04-20 13:52:28.605097: Disconnected
2025-04-20 13:52:28.637075: Disconnected
2025-04-20 13:52:30.231953: Disconnected
2025-04-20 13:52:31.479793: Disconnected
2025-04-20 13:52:31.537435: Disconnected
2025-04-20 13:52:33.609484: Disconnected
2025-04-20 13:52:33.657358: Disconnected
2025-04-20 13:52:35.748776: Disconnected
2025-04-20 13:52:38.800016: Disconnected
2025-04-20 13:52:38.844243: Disconnected
2025-04-20 13:52:43.975934: Disconnected
2025-04-20 13:52:47.410432: Disconnected
2025-04-20 13:52:50.568405: Disconnected
2025-04-20 13:52:56.621203: Disconnected
2025-04-20 13:55:09.716000: Disconnected
2025-04-20 13:55:14.955774: Disconnected
2025-04-20 14:03:37.049438: Disconnected
2025-04-20 14:03:37.288120: Disconnected
2025-04-20 14:03:38.862845: Disconnected
2025-04-20 14:06:51.065141: Disconnected
2025-04-20 14:10:38.433287: Disconnected
2025-04-20 14:10:42.038052: Disconnected
2025-04-20 14:11:12.890751: Disconnected
2025-04-20 14:11:12.906489: Disconnected
2025-04-20 14:11:12.906489: Disconnected
2025-04-20 14:11:12.922259: Disconnected
2025-04-20 14:11:12.938119: Disconnected
2025-04-20 14:11:12.953780: Disconnected
2025-04-20 14:11:13.901230: Disconnected
2025-04-20 14:11:13.909447: Disconnected
2025-04-20 14:11:13.941077: Disconnected
2025-04-20 14:11:14.007059: Disconnected
2025-04-20 14:11:14.021014: Disconnected
2025-04-20 14:11:14.037004: Disconnected
2025-04-20 14:11:14.053026: Disconnected
2025-04-20 14:11:14.069068: Disconnected
2025-04-20 14:11:14.069068: Disconnected
2025-04-20 14:11:19.782917: Disconnected
2025-04-20 14:11:20.100803: Disconnected
2025-04-20 14:12:36.014836: Disconnected
2025-04-20 14:12:36.223155: Disconnected
2025-04-20 14:12:36.562003: Disconnected
2025-04-20 14:12:39.680983: Disconnected
2025-04-20 14:12:39.749940: Disconnected
2025-04-20 14:12:39.788246: Disconnected
2025-04-20 14:12:44.543544: Disconnected
2025-04-20 14:12:47.365197: Disconnected
2025-04-20 14:12:47.429127: Disconnected
2025-04-20 14:12:51.993821: Disconnected
2025-04-20 14:12:52.047809: Disconnected
2025-04-20 14:12:53.916793: Disconnected
2025-04-20 14:12:53.964524: Disconnected
2025-04-20 14:12:54.011991: Disconnected
2025-04-20 14:12:59.080784: Disconnected
2025-04-20 14:13:01.143182: Disconnected
2025-04-20 14:13:01.205582: Disconnected
2025-04-20 14:13:05.088276: Disconnected
2025-04-20 14:13:05.149537: Disconnected
2025-04-20 14:13:06.217835: Disconnected
2025-04-20 14:13:06.281320: Disconnected
2025-04-20 14:13:13.634614: Disconnected
2025-04-20 14:13:15.357806: Disconnected
2025-04-20 14:13:40.515279: Disconnected
2025-04-20 14:13:40.569208: Disconnected
2025-04-20 14:14:03.972228: Disconnected
2025-04-20 14:14:17.937718: Disconnected
2025-04-20 14:17:11.099785: Disconnected
2025-04-20 14:17:14.442362: Disconnected
2025-04-20 14:17:31.235391: Disconnected
2025-04-20 14:17:31.356525: Disconnected
2025-04-20 14:17:31.600162: Disconnected
2025-04-20 14:17:36.282876: Disconnected
2025-04-20 14:19:10.196248: Disconnected
2025-04-20 14:19:12.692959: Disconnected
2025-04-20 14:19:15.149226: Disconnected
2025-04-20 14:19:15.260942: Disconnected
2025-04-20 14:19:17.300460: Disconnected
2025-04-20 14:19:17.379987: Disconnected
2025-04-20 14:19:17.478931: Disconnected
2025-04-20 14:19:19.372543: Disconnected
2025-04-20 14:20:56.599801: Disconnected
2025-04-20 14:20:56.710914: Disconnected
2025-04-20 14:20:59.379142: Disconnected
2025-04-20 14:20:59.475130: Disconnected
2025-04-20 14:21:57.598846: Disconnected
2025-04-20 14:22:06.895495: Disconnected
2025-04-20 14:22:09.425641: Disconnected
2025-04-20 14:22:17.690339: Disconnected
2025-04-20 14:22:17.690339: Disconnected
2025-04-20 14:22:17.738425: Disconnected
2025-04-20 14:22:20.956984: Disconnected
2025-04-20 14:22:34.546185: Disconnected
2025-04-20 14:22:34.675716: Disconnected
2025-04-20 14:22:35.818671: Disconnected
2025-04-20 14:22:35.875082: Disconnected
2025-04-20 14:22:44.280332: Disconnected
2025-04-20 14:22:44.360319: Disconnected
2025-04-20 14:22:48.625936: Disconnected
2025-04-20 14:22:48.682466: Disconnected
2025-04-20 14:22:52.909740: Disconnected
2025-04-20 14:22:52.973353: Disconnected
2025-04-20 14:22:55.259138: Disconnected
2025-04-20 14:23:05.723429: Disconnected
2025-04-20 14:23:08.374648: Disconnected
2025-04-20 14:23:08.406080: Disconnected
2025-04-20 14:23:09.631483: Disconnected
2025-04-20 14:23:09.724135: Disconnected
2025-04-20 14:23:09.787797: Disconnected
2025-04-20 14:23:11.506364: Disconnected
2025-04-20 14:23:11.554071: Disconnected
2025-04-20 14:23:16.965777: Disconnected
2025-04-20 14:23:17.057519: Disconnected
2025-04-20 14:23:21.230260: Disconnected
2025-04-20 14:23:21.262192: Disconnected
2025-04-20 14:25:13.044751: Disconnected
2025-04-20 14:25:13.342649: Disconnected
2025-04-20 14:25:18.429977: Disconnected
2025-04-20 14:25:18.493745: Disconnected
2025-04-20 14:25:21.835094: Disconnected
2025-04-20 14:25:21.874178: Disconnected
2025-04-20 14:25:41.961287: Disconnected
2025-04-20 14:25:41.976845: Disconnected
2025-04-20 14:25:41.976845: Disconnected
2025-04-20 14:25:42.061333: Disconnected
2025-04-20 14:25:42.072587: Disconnected
2025-04-20 14:25:42.072587: Disconnected
2025-04-20 14:25:42.120041: Disconnected
2025-04-20 14:25:42.120041: Disconnected
2025-04-20 14:25:42.142780: Disconnected
2025-04-20 14:25:42.581903: Disconnected
2025-04-20 14:25:42.597156: Disconnected
2025-04-20 14:25:42.708339: Disconnected
2025-04-20 14:25:42.708339: Disconnected
2025-04-20 14:25:42.724229: Disconnected
2025-04-20 14:25:42.740024: Disconnected
2025-04-20 14:25:42.762418: Disconnected
2025-04-20 14:25:42.762418: Disconnected
2025-04-20 14:29:11.043448: Disconnected
2025-04-20 14:29:11.138944: Disconnected
2025-04-20 14:29:12.510320: Disconnected
2025-04-20 14:29:14.771813: Disconnected
2025-04-20 14:29:14.835539: Disconnected
2025-04-20 14:29:26.884864: Disconnected
2025-04-20 14:29:27.055543: Disconnected
2025-04-20 14:29:28.822836: Disconnected
2025-04-20 14:29:28.872262: Disconnected
2025-04-20 14:29:30.081943: Disconnected
2025-04-20 14:29:30.134069: Disconnected
2025-04-20 14:29:31.532448: Disconnected
2025-04-20 14:29:31.707190: Disconnected
2025-04-20 14:29:43.180647: Disconnected
2025-04-20 14:29:43.228755: Disconnected
2025-04-20 14:30:01.696934: Disconnected
2025-04-20 14:30:07.403654: Disconnected
2025-04-20 14:30:10.021625: Disconnected
2025-04-20 14:30:13.231536: Disconnected
2025-04-20 14:30:16.435297: Disconnected
2025-04-20 14:30:16.483001: Disconnected
2025-04-20 14:30:16.520691: Disconnected
2025-04-20 14:30:20.419794: Disconnected
2025-04-20 14:30:22.478950: Disconnected
2025-04-20 14:30:22.542114: Disconnected
2025-04-20 14:30:27.261946: Disconnected
2025-04-20 14:30:27.309716: Disconnected
2025-04-20 14:30:29.768630: Disconnected
2025-04-20 14:30:29.832979: Disconnected
2025-04-20 14:30:30.871945: Disconnected
2025-04-20 14:30:39.253186: Disconnected
2025-04-20 14:30:41.815290: Disconnected
2025-04-20 14:30:41.870097: Disconnected
2025-04-20 14:30:44.626482: Disconnected
2025-04-20 14:30:48.097220: Disconnected
2025-04-20 14:30:48.161140: Disconnected
2025-04-20 14:30:49.577101: Disconnected
2025-04-20 14:30:49.624660: Disconnected
2025-04-20 14:30:51.221905: Disconnected
2025-04-20 14:30:51.253577: Disconnected
2025-04-20 14:31:11.140423: Disconnected
2025-04-20 14:31:19.485311: Disconnected
2025-04-20 14:31:25.457953: Disconnected
2025-04-20 14:31:25.503061: Disconnected
2025-04-20 14:31:27.753036: Disconnected
2025-04-20 14:31:27.794542: Disconnected
2025-04-20 14:31:27.826523: Disconnected
2025-04-20 14:31:31.417817: Disconnected
2025-04-20 14:31:34.239734: Disconnected
2025-04-20 14:31:36.324761: Disconnected
2025-04-20 14:31:36.367914: Disconnected
2025-04-20 14:31:39.198013: Disconnected
2025-04-20 14:31:39.257770: Disconnected
2025-04-20 14:31:41.601517: Disconnected
2025-04-20 14:31:41.649464: Disconnected
2025-04-20 14:31:47.316477: Disconnected
2025-04-20 14:31:47.374048: Disconnected
2025-04-20 14:31:47.411641: Disconnected
2025-04-20 14:31:49.390081: Disconnected
2025-04-20 14:31:49.448553: Disconnected
2025-04-20 14:31:49.480097: Disconnected
2025-04-20 14:31:50.354130: Disconnected
2025-04-20 14:31:50.359326: Disconnected
2025-04-20 14:31:50.375464: Disconnected
2025-04-20 14:31:50.438937: Disconnected
2025-04-20 14:31:50.460734: Disconnected
2025-04-20 14:31:50.460734: Disconnected
2025-04-20 14:31:50.474024: Disconnected
2025-04-20 14:31:50.518164: Disconnected
2025-04-20 14:31:50.534169: Disconnected
2025-04-20 14:31:50.549925: Disconnected
2025-04-20 14:31:50.629251: Disconnected
2025-04-20 14:31:50.629251: Disconnected
2025-04-20 14:31:50.629251: Disconnected
2025-04-20 14:31:50.645341: Disconnected
2025-04-20 14:31:50.708594: Disconnected
2025-04-20 14:31:50.708594: Disconnected
2025-04-20 14:31:50.740802: Disconnected
2025-04-20 14:31:50.740802: Disconnected
2025-04-20 14:31:50.756492: Disconnected
2025-04-20 14:31:50.756492: Disconnected
2025-04-20 14:31:50.774237: Disconnected
2025-04-20 14:31:57.693041: Finished quiz 'C++ Quiz' with 0 correct out of 0 attempts
2025-04-20 14:31:57.708885: Disconnected
2025-04-20 14:31:57.756529: Disconnected
2025-04-20 14:31:57.791580: Disconnected
2025-04-20 14:31:59.048587: Disconnected
2025-04-20 14:31:59.064472: Disconnected
2025-04-20 14:31:59.080302: Disconnected
2025-04-20 14:31:59.096230: Disconnected
2025-04-20 14:31:59.096230: Disconnected
2025-04-20 14:31:59.112033: Disconnected
2025-04-20 14:31:59.175845: Finished quiz 'C++ Quiz' with 0 correct out of 0 attempts
2025-04-20 14:31:59.209313: Disconnected
2025-04-20 14:31:59.239761: Finished quiz 'C++ Quiz' with 0 correct out of 0 attempts
2025-04-20 14:31:59.257478: Disconnected
2025-04-20 14:31:59.319225: Finished quiz 'C++ Quiz' with 0 correct out of 0 attempts
2025-04-20 14:31:59.350639: Disconnected
2025-04-20 14:31:59.382381: Finished quiz 'C++ Quiz' with 0 correct out of 0 attempts
2025-04-20 14:31:59.398491: Disconnected
2025-04-20 14:31:59.398491: Disconnected
2025-04-20 14:31:59.430225: Disconnected
2025-04-20 14:32:04.706732: Disconnected
2025-04-20 14:32:08.464564: Disconnected
2025-04-20 14:32:08.474859: Disconnected
2025-04-20 14:32:08.474859: Disconnected
2025-04-20 14:32:08.522836: Disconnected
2025-04-20 14:32:08.527036: Disconnected
2025-04-20 14:32:08.538818: Disconnected
2025-04-20 14:32:08.557530: Disconnected
2025-04-20 14:32:08.574596: Disconnected
2025-04-20 14:32:08.586503: Disconnected
2025-04-20 14:32:08.602318: Disconnected
2025-04-20 14:32:08.618417: Disconnected
2025-04-20 14:32:08.634510: Disconnected
2025-04-20 14:32:18.298648: Disconnected
2025-04-20 14:32:20.037401: Disconnected
2025-04-20 14:32:20.053468: Disconnected
2025-04-20 14:32:20.053468: Disconnected
2025-04-20 14:32:20.085203: Disconnected
2025-04-20 14:32:20.085203: Disconnected
2025-04-20 14:32:20.085203: Disconnected
2025-04-20 14:32:20.148709: Disconnected
2025-04-20 14:32:20.164626: Disconnected
2025-04-20 14:32:20.164626: Disconnected
2025-04-20 14:32:20.164626: Disconnected
2025-04-20 14:32:20.212733: Disconnected
2025-04-20 14:32:20.212733: Disconnected
2025-04-20 14:32:20.228480: Disconnected
2025-04-20 14:32:20.260250: Disconnected
2025-04-20 14:32:20.260250: Disconnected
2025-04-20 14:32:20.276089: Disconnected
2025-04-20 14:32:20.292144: Disconnected
2025-04-20 14:32:20.307937: Disconnected
2025-04-20 14:32:22.625416: Disconnected
2025-04-20 14:32:22.668980: Disconnected
2025-04-20 14:32:23.792699: Disconnected
2025-04-20 14:32:23.834549: Disconnected
2025-04-20 14:32:23.868346: Disconnected
2025-04-20 14:32:28.617213: Disconnected
2025-04-20 14:32:28.664820: Disconnected
2025-04-20 14:32:30.472390: Disconnected
2025-04-20 14:32:30.504393: Disconnected
2025-04-20 14:32:49.400653: Disconnected
2025-04-20 14:32:52.897131: Disconnected
2025-04-20 14:33:46.630484: Disconnected
2025-04-20 14:33:46.731068: Disconnected
2025-04-20 14:33:50.229121: Disconnected
2025-04-20 14:33:50.327071: Disconnected
2025-04-20 14:33:50.357245: Disconnected
2025-04-20 14:33:53.772985: Disconnected
2025-04-20 14:33:55.120535: Disconnected
2025-04-20 14:33:55.842526: Disconnected
2025-04-20 14:33:55.934329: Disconnected
2025-04-20 14:33:57.641260: Disconnected
2025-04-20 14:33:57.657127: Disconnected
2025-04-20 14:33:57.657127: Disconnected
2025-04-20 14:33:57.701684: Disconnected
2025-04-20 14:33:57.704724: Disconnected
2025-04-20 14:33:57.704724: Disconnected
2025-04-20 14:33:57.768589: Disconnected
2025-04-20 14:33:57.784609: Disconnected
2025-04-20 14:33:57.800586: Disconnected
2025-04-20 14:33:57.848047: Disconnected
2025-04-20 14:33:57.863871: Disconnected
2025-04-20 14:33:57.863871: Disconnected
2025-04-20 14:33:57.863871: Disconnected
2025-04-20 14:33:57.895373: Disconnected
2025-04-20 14:33:57.916804: Disconnected
2025-04-20 14:33:57.927477: Disconnected
2025-04-20 14:33:57.959220: Disconnected
2025-04-20 14:33:57.979315: Disconnected
2025-04-20 14:33:57.990943: Disconnected
2025-04-20 14:33:58.038638: Disconnected
2025-04-20 14:33:58.054658: Disconnected
2025-04-20 14:33:58.054658: Disconnected
2025-04-20 14:33:58.054658: Disconnected
2025-04-20 14:34:09.326046: Disconnected
2025-04-20 14:41:18.268525: Disconnected
2025-04-20 14:41:18.980328: Disconnected
2025-04-20 14:41:31.947575: Disconnected
2025-04-20 14:41:33.352543: Disconnected
2025-04-20 14:41:33.494805: Disconnected
2025-04-20 14:41:58.189561: Disconnected
2025-04-20 14:41:59.989221: Disconnected
2025-04-20 14:42:00.039682: Disconnected
2025-04-20 14:42:02.908639: Disconnected
2025-04-20 14:42:03.011171: Disconnected
2025-04-20 14:42:03.050803: Disconnected
2025-04-20 14:42:07.343859: Disconnected
2025-04-20 14:42:09.967670: Disconnected
2025-04-20 14:42:12.032237: Disconnected
2025-04-20 14:42:12.080187: Disconnected
2025-04-20 14:42:19.255860: Disconnected
2025-04-20 14:42:19.314455: Disconnected
2025-04-20 14:42:19.351007: Disconnected
2025-04-20 14:42:24.874373: Disconnected
2025-04-20 14:42:24.931292: Disconnected
2025-04-20 14:42:24.965417: Disconnected
2025-04-20 14:42:30.971242: Disconnected
2025-04-20 14:42:31.012216: Disconnected
2025-04-20 14:43:21.030168: Disconnected
2025-04-20 14:43:21.076916: Disconnected
2025-04-20 14:44:16.457992: Disconnected
2025-04-20 14:44:24.972005: Disconnected
2025-04-20 14:44:31.024785: Disconnected
2025-04-20 14:44:31.079055: Disconnected
2025-04-20 14:44:34.624373: Disconnected
2025-04-20 14:44:34.675583: Disconnected
2025-04-20 14:44:34.707207: Disconnected
2025-04-20 14:44:37.952871: Disconnected
2025-04-20 14:44:40.016781: Disconnected
2025-04-20 14:44:40.069876: Disconnected
2025-04-20 14:44:41.881967: Disconnected
2025-04-20 14:44:47.974749: Disconnected
2025-04-20 14:44:48.026205: Disconnected
2025-04-20 14:45:06.212475: Disconnected
2025-04-20 14:45:07.839636: Disconnected
2025-04-20 14:45:12.090104: Disconnected
2025-04-20 14:45:12.130340: Disconnected
2025-04-20 14:45:13.871456: Disconnected
2025-04-20 14:45:13.925043: Disconnected
2025-04-20 14:45:13.960756: Disconnected
2025-04-20 14:45:16.682913: Disconnected
2025-04-20 14:45:18.740680: Disconnected
2025-04-20 14:45:18.795903: Disconnected
2025-04-20 14:45:22.869009: Disconnected
2025-04-20 14:45:24.934343: Disconnected
2025-04-20 14:45:24.997919: Disconnected
2025-04-20 14:45:37.019545: Disconnected
2025-04-20 14:45:39.095872: Disconnected
2025-04-20 14:45:39.154916: Disconnected
2025-04-20 14:45:44.550671: Disconnected
2025-04-20 14:45:44.606207: Disconnected
2025-04-20 14:45:46.941967: Disconnected
2025-04-20 14:45:46.992488: Disconnected
2025-04-20 14:45:47.029343: Disconnected
2025-04-20 14:45:49.069061: Disconnected
2025-04-20 14:46:05.056768: Disconnected
2025-04-20 14:46:05.120492: Disconnected
2025-04-20 14:46:06.409788: Disconnected
2025-04-20 14:46:07.299170: Disconnected
2025-04-20 14:46:07.381963: Disconnected
2025-04-20 14:46:23.718921: Disconnected
2025-04-20 14:49:10.109533: Disconnected
2025-04-20 14:49:10.508636: Disconnected
2025-04-20 14:49:13.211756: Disconnected
2025-04-20 14:49:13.232243: Disconnected
2025-04-20 14:49:13.232243: Disconnected
2025-04-20 14:49:13.282937: Disconnected
2025-04-20 14:49:13.294398: Disconnected
2025-04-20 14:49:13.294398: Disconnected
2025-04-20 14:49:14.081863: Disconnected
2025-04-20 14:49:14.111772: Disconnected
2025-04-20 14:49:14.175538: Disconnected
2025-04-20 14:49:14.191432: Disconnected
2025-04-20 14:49:14.207141: Disconnected
2025-04-20 14:49:14.220832: Disconnected
2025-04-20 14:50:11.215218: Disconnected
2025-04-20 14:50:11.272650: Disconnected
2025-04-20 14:50:16.886927: Disconnected
2025-04-20 14:50:24.276841: Disconnected
2025-04-20 14:50:24.322399: Disconnected
2025-04-20 14:50:25.581883: Disconnected
2025-04-20 14:50:25.629674: Disconnected
2025-04-20 14:50:30.082735: Disconnected
2025-04-20 14:50:30.129948: Disconnected
2025-04-20 14:50:36.462876: Disconnected
2025-04-20 14:50:39.325622: Disconnected
2025-04-20 15:08:15.964181: Disconnected
2025-04-20 15:08:16.535411: Disconnected
2025-04-20 15:08:16.757157: Disconnected
2025-04-20 15:08:16.837434: Disconnected
2025-04-20 15:08:18.663268: Disconnected
2025-04-20 15:08:18.706477: Disconnected
2025-04-20 15:08:22.910454: Disconnected
2025-04-20 15:08:22.954795: Disconnected
2025-04-20 15:08:26.469717: Disconnected
2025-04-20 15:08:29.317588: Disconnected
2025-04-20 15:08:29.333394: Disconnected
2025-04-20 15:08:29.349648: Disconnected
2025-04-20 15:08:29.380824: Disconnected
2025-04-20 15:08:29.380824: Disconnected
2025-04-20 15:08:29.380824: Disconnected
2025-04-20 15:08:29.428315: Disconnected
2025-04-20 15:08:29.444067: Disconnected
2025-04-20 15:08:29.460031: Disconnected
2025-04-20 15:08:29.940723: Disconnected
2025-04-20 15:08:29.956530: Disconnected
2025-04-20 15:08:30.003743: Disconnected
2025-04-20 15:08:30.019466: Disconnected
2025-04-20 15:08:30.019466: Disconnected
2025-04-20 15:08:30.041590: Disconnected
2025-04-20 15:08:30.051055: Disconnected
2025-04-20 15:08:30.051055: Disconnected
2025-04-20 15:08:30.083039: Disconnected
2025-04-20 15:08:30.098786: Disconnected
2025-04-20 15:08:30.106327: Disconnected
2025-04-20 15:08:34.560365: Disconnected
2025-04-20 15:08:34.612496: Disconnected
2025-04-20 15:08:38.479480: Disconnected
2025-04-20 15:08:40.866060: Disconnected
2025-04-20 15:08:40.930577: Disconnected
2025-04-20 15:08:42.170140: Disconnected
2025-04-20 15:08:42.249698: Disconnected
2025-04-20 15:08:44.553215: Disconnected
2025-04-20 15:08:44.627504: Disconnected
2025-04-20 15:08:44.649276: Disconnected
2025-04-20 15:08:49.313445: Disconnected
2025-04-20 15:08:51.377831: Disconnected
2025-04-20 15:08:51.425362: Disconnected
2025-04-20 15:08:58.692040: Disconnected
2025-04-20 15:09:05.651347: Disconnected
2025-04-20 15:09:07.732522: Disconnected
2025-04-20 15:09:07.799546: Disconnected
2025-04-20 15:09:13.583680: Disconnected
2025-04-20 15:09:13.643391: Disconnected
2025-04-20 15:09:13.682755: Disconnected
2025-04-20 15:09:19.762592: Disconnected
2025-04-20 15:09:21.820523: Disconnected
2025-04-20 15:09:21.868564: Disconnected
2025-04-20 15:09:26.800449: Disconnected
2025-04-20 15:09:26.848011: Disconnected
2025-04-20 15:09:26.879846: Disconnected
2025-04-20 15:09:34.989920: Disconnected
2025-04-20 15:09:39.798713: Disconnected
2025-04-20 15:09:39.846574: Disconnected
2025-04-20 15:09:40.942317: Disconnected
2025-04-20 15:09:42.021939: Disconnected
2025-04-20 15:09:46.764610: Disconnected
2025-04-20 15:09:46.806241: Disconnected
2025-04-20 15:09:50.267070: Disconnected
2025-04-20 15:09:53.014335: Disconnected
2025-04-20 15:09:54.838828: Disconnected
2025-04-20 15:09:54.886268: Disconnected
2025-04-20 15:10:08.479951: Disconnected
2025-04-20 15:10:10.710816: Disconnected
2025-04-20 15:10:10.736285: Disconnected
2025-04-20 15:20:29.521265: Disconnected
2025-04-20 15:20:30.321406: Disconnected
2025-04-20 15:20:36.028082: Disconnected
2025-04-20 15:20:36.087625: Disconnected
2025-04-20 15:20:38.054913: Disconnected
2025-04-20 15:20:39.357869: Disconnected
2025-04-20 15:20:39.674913: Disconnected
2025-04-20 15:20:40.866489: Disconnected
2025-04-20 15:20:40.914121: Disconnected
2025-04-20 15:20:43.887668: Disconnected
2025-04-20 15:20:43.934965: Disconnected
2025-04-20 15:20:44.983197: Disconnected
2025-04-20 15:20:49.797411: Disconnected
2025-04-20 15:23:15.574273: Disconnected
2025-04-20 15:23:17.645001: Disconnected
2025-04-20 15:23:17.701032: Disconnected
2025-04-20 15:23:21.379527: Disconnected
2025-04-20 15:23:22.531421: Disconnected
2025-04-20 15:23:27.195780: Disconnected
2025-04-20 15:23:28.833288: Disconnected
2025-04-20 15:23:28.875932: Disconnected
2025-04-20 15:23:34.434754: Disconnected
2025-04-20 15:23:34.477056: Disconnected
2025-04-20 15:23:35.503619: Disconnected
2025-04-20 15:23:35.551405: Disconnected
2025-04-20 15:23:38.576262: Disconnected
2025-04-20 15:23:38.620129: Disconnected
2025-04-20 15:23:40.116194: Disconnected
2025-04-20 15:23:40.196227: Disconnected
2025-04-20 15:23:41.563155: Disconnected
2025-04-20 15:23:41.595064: Disconnected
2025-04-20 15:23:48.375775: Disconnected
2025-04-20 15:23:48.439218: Disconnected
2025-04-20 15:23:50.373161: Disconnected
2025-04-20 15:23:54.305526: Disconnected
2025-04-20 15:23:56.815595: Disconnected
2025-04-20 15:23:56.864883: Disconnected
2025-04-20 15:23:56.910884: Disconnected
2025-04-20 15:24:00.198019: Disconnected
2025-04-20 15:24:02.262529: Disconnected
2025-04-20 15:24:02.300347: Disconnected
2025-04-20 15:24:29.455090: Disconnected
2025-04-20 15:24:29.505580: Disconnected
2025-04-20 15:24:31.905256: Disconnected
2025-04-20 15:24:31.953225: Disconnected
2025-04-20 15:24:33.463430: Disconnected
2025-04-20 15:24:37.847032: Disconnected
2025-04-20 15:36:12.965776: Disconnected
2025-04-20 15:36:13.282198: Disconnected
2025-04-20 15:36:15.591956: Disconnected
2025-04-20 15:36:15.644464: Disconnected
2025-04-20 15:36:31.124058: Disconnected
2025-04-20 15:36:31.197830: Disconnected
2025-04-20 15:36:38.867828: Disconnected
2025-04-20 15:36:38.917645: Disconnected
2025-04-20 15:36:42.751435: Disconnected
2025-04-20 15:36:42.784439: Disconnected
2025-04-20 16:06:03.196728: Disconnected
2025-04-20 16:06:03.466754: Disconnected
2025-04-20 16:06:08.241387: Disconnected
2025-04-20 16:06:08.297400: Disconnected
2025-04-20 16:06:11.245411: Disconnected
2025-04-20 16:06:11.312317: Disconnected
2025-04-20 16:06:11.886298: Disconnected
2025-04-20 16:06:11.949298: Disconnected
2025-04-20 16:06:28.390304: Disconnected
2025-04-20 16:06:28.438170: Disconnected
2025-04-20 16:06:28.482010: Disconnected
2025-04-20 16:06:33.367073: Disconnected
2025-04-20 16:06:38.893745: Disconnected
2025-04-20 16:06:38.927306: Disconnected
2025-04-20 16:06:41.546982: Disconnected
2025-04-20 16:06:42.939057: Disconnected
2025-04-20 16:06:43.000435: Disconnected
2025-04-20 16:06:44.427133: Disconnected
2025-04-20 16:06:44.477386: Disconnected
2025-04-20 16:06:47.281417: Disconnected
2025-04-20 16:06:47.313281: Disconnected
2025-04-20 16:07:17.170519: Disconnected
2025-04-20 16:07:17.231380: Disconnected
2025-04-20 16:07:19.066686: Disconnected
2025-04-20 16:07:19.114315: Disconnected
2025-04-20 16:07:20.477728: Disconnected
2025-04-20 16:07:20.535267: Disconnected
2025-04-20 16:07:20.573107: Disconnected
2025-04-20 16:07:23.608839: Disconnected
2025-04-20 16:07:23.656638: Disconnected
2025-04-20 16:07:23.688779: Disconnected
2025-04-20 16:07:25.705066: Disconnected
2025-04-20 16:07:28.098843: Disconnected
2025-04-20 16:07:30.451202: Disconnected
2025-04-20 16:07:30.505666: Disconnected
2025-04-20 16:07:31.603747: Disconnected
2025-04-20 16:07:31.647279: Disconnected
2025-04-20 16:07:31.679073: Disconnected
2025-04-20 16:07:35.518154: Disconnected
2025-04-20 16:07:37.579065: Disconnected
2025-04-20 16:07:37.626683: Disconnected
2025-04-20 16:07:39.776560: Disconnected
2025-04-20 16:07:39.795120: Disconnected
2025-04-20 16:07:39.809668: Disconnected
2025-04-20 16:07:39.848597: Disconnected
2025-04-20 16:07:39.862447: Disconnected
2025-04-20 16:07:39.862447: Disconnected
2025-04-20 16:07:39.882369: Disconnected
2025-04-20 16:07:39.908326: Disconnected
2025-04-20 16:07:39.918150: Disconnected
2025-04-20 16:07:39.943837: Disconnected
2025-04-20 16:07:39.955207: Disconnected
2025-04-20 16:07:39.969433: Disconnected
2025-04-20 16:07:40.034298: Disconnected
2025-04-20 16:07:40.046966: Disconnected
2025-04-20 16:07:40.057998: Disconnected
2025-04-20 16:07:40.078547: Disconnected
2025-04-20 16:07:40.078547: Disconnected
2025-04-20 16:07:40.107655: Disconnected
2025-04-20 16:07:53.192446: Finished quiz 'Error' with 1 correct out of 1 attempts
2025-04-20 16:07:53.234319: Disconnected
2025-04-20 16:07:53.319378: Disconnected
2025-04-20 16:07:53.363070: Disconnected
2025-04-20 16:08:01.009732: Disconnected
2025-04-20 16:08:01.043413: Disconnected
2025-04-20 16:08:01.074889: Disconnected
2025-04-20 16:08:05.964410: Disconnected
2025-04-20 16:08:06.027823: Disconnected
2025-04-20 16:08:06.059342: Disconnected
2025-04-20 16:08:07.960051: Disconnected
2025-04-20 16:08:08.007942: Disconnected
2025-04-20 16:08:08.039638: Disconnected
2025-04-20 16:08:11.774499: Disconnected
2025-04-20 16:08:11.822374: Disconnected
2025-04-20 16:08:14.456246: Disconnected
2025-04-20 16:08:14.516445: Disconnected
2025-04-20 16:08:24.799383: Disconnected
2025-04-20 16:08:24.857652: Disconnected
2025-04-20 16:08:29.923687: Disconnected
2025-04-20 16:37:23.438345: Disconnected
2025-04-20 16:37:26.234188: Disconnected
2025-04-20 16:37:26.463480: Disconnected
2025-04-20 16:37:29.691362: Disconnected
2025-04-20 16:37:29.734370: Disconnected
2025-04-20 16:37:36.254896: Disconnected
2025-04-20 16:37:36.309934: Disconnected
2025-04-20 16:37:36.352387: Disconnected
2025-04-20 16:37:42.105053: Disconnected
2025-04-20 16:37:44.174415: Disconnected
2025-04-20 16:37:44.233093: Disconnected
2025-04-20 16:37:45.736639: Disconnected
2025-04-20 16:37:45.796113: Disconnected
2025-04-20 16:37:47.771580: Disconnected
2025-04-20 16:37:47.822734: Disconnected
2025-04-20 16:37:47.865390: Disconnected
2025-04-20 16:37:50.028252: Disconnected
2025-04-20 16:37:50.077579: Disconnected
2025-04-20 16:37:50.110064: Disconnected
2025-04-20 16:37:51.641892: Disconnected
2025-04-20 16:37:51.692314: Disconnected
2025-04-20 16:37:51.732986: Disconnected
2025-04-20 16:37:57.308885: Disconnected
2025-04-20 16:37:59.377442: Disconnected
2025-04-20 16:37:59.429201: Disconnected
2025-04-20 16:38:03.837233: Disconnected
2025-04-20 16:38:03.883592: Disconnected
2025-04-20 16:38:03.926592: Disconnected
2025-04-20 16:38:05.325849: Disconnected
2025-04-20 16:38:05.381886: Disconnected
2025-04-20 16:38:06.341865: Disconnected
2025-04-20 16:38:06.388877: Disconnected
2025-04-20 16:38:06.761120: Disconnected
2025-04-20 16:38:11.718053: Disconnected
2025-04-20 16:38:11.761093: Disconnected
2025-04-20 16:38:11.794059: Disconnected
2025-04-20 16:38:20.981210: Disconnected
2025-04-20 16:38:23.047062: Disconnected
2025-04-20 16:38:23.104091: Disconnected
2025-04-20 16:38:26.701766: Disconnected
2025-04-20 16:38:26.754755: Disconnected
2025-04-20 16:38:27.399005: Disconnected
2025-04-20 16:38:27.451008: Disconnected
2025-04-20 16:38:27.955418: Disconnected
2025-04-20 16:38:28.002383: Disconnected
2025-04-20 16:38:29.669257: Disconnected
2025-04-20 16:38:29.716258: Disconnected
2025-04-20 16:38:29.760229: Disconnected
2025-04-20 16:38:32.573218: Disconnected
2025-04-20 16:38:32.621201: Disconnected
2025-04-20 16:38:32.653214: Disconnected
2025-04-20 16:38:38.873379: Disconnected
2025-04-20 16:38:42.475566: Disconnected
2025-04-20 16:38:42.530569: Disconnected
2025-04-20 16:38:46.065779: Disconnected
2025-04-20 16:38:46.104780: Disconnected
2025-04-20 16:38:52.185940: Disconnected
2025-04-20 16:38:55.162032: Disconnected
2025-04-20 16:38:55.216991: Disconnected
