2025-04-17 18:11:46.314921: Connected
2025-04-17 18:11:46.328881: Disconnected
2025-04-17 18:11:46.535536: Connected
2025-04-17 18:11:46.726602: Disconnected
2025-04-17 18:11:48.107407: Connected
2025-04-17 18:11:48.123315: Disconnected
2025-04-17 18:11:48.329092: Connected
2025-04-17 18:11:48.329092: Disconnected
2025-04-17 18:11:48.534355: Connected
2025-04-17 18:11:48.534355: Disconnected
2025-04-17 18:11:48.883921: Connected
2025-04-17 18:11:48.883921: Disconnected
2025-04-17 18:11:53.543682: Connected
2025-04-17 18:11:53.543682: Disconnected
2025-04-17 18:11:58.912148: Connected
2025-04-17 18:11:58.920194: Disconnected
2025-04-17 18:11:58.920194: Connected
2025-04-17 18:11:58.920194: Connected
2025-04-17 18:11:58.927935: Disconnected
2025-04-17 18:11:58.927935: Disconnected
2025-04-17 18:11:58.975286: Connected
2025-04-17 18:11:58.975286: Disconnected
2025-04-17 18:11:58.975286: Connected
2025-04-17 18:11:58.975286: Connected
2025-04-17 18:11:58.975286: Disconnected
2025-04-17 18:11:58.991362: Disconnected
2025-04-17 18:11:59.023170: Connected
2025-04-17 18:11:59.023170: Connected
2025-04-17 18:11:59.023170: Disconnected
2025-04-17 18:11:59.039068: Disconnected
2025-04-17 18:11:59.039068: Connected
2025-04-17 18:11:59.039068: Disconnected
2025-04-17 18:11:59.467572: Connected
2025-04-17 18:11:59.472617: Disconnected
2025-04-17 18:11:59.472617: Connected
2025-04-17 18:11:59.472617: Disconnected
2025-04-17 18:11:59.472617: Connected
2025-04-17 18:11:59.472617: Disconnected
2025-04-17 18:11:59.850418: Connected
2025-04-17 18:11:59.850418: Disconnected
2025-04-17 18:11:59.870306: Connected
2025-04-17 18:11:59.870306: Disconnected
2025-04-17 18:11:59.870306: Connected
2025-04-17 18:11:59.870306: Disconnected
2025-04-17 18:12:00.216670: Connected
2025-04-17 18:12:00.219642: Disconnected
2025-04-17 18:12:00.226469: Connected
2025-04-17 18:12:00.226469: Disconnected
2025-04-17 18:12:00.234566: Connected
2025-04-17 18:12:00.236578: Disconnected
2025-04-17 18:12:02.011703: Connected
2025-04-17 18:12:02.011703: Disconnected
2025-04-17 18:12:11.032413: Connected
2025-04-17 18:12:11.032413: Disconnected
2025-04-17 18:12:11.414738: Connected
2025-04-17 18:12:11.414738: Disconnected
2025-04-17 18:12:11.414738: Connected
2025-04-17 18:12:11.414738: Disconnected
2025-04-17 18:12:11.764235: Connected
2025-04-17 18:12:11.779999: Disconnected
2025-04-17 18:12:25.321932: Connected
2025-04-17 18:12:25.321932: Disconnected
2025-04-17 18:12:25.559739: Connected
2025-04-17 18:12:25.559739: Disconnected
2025-04-17 18:12:25.719559: Connected
2025-04-17 18:12:25.735223: Disconnected
2025-04-17 18:12:26.053261: Connected
2025-04-17 18:12:26.053261: Disconnected
2025-04-17 18:12:27.641582: Connected
2025-04-17 18:12:27.641582: Disconnected
2025-04-17 18:12:28.027199: Connected
2025-04-17 18:12:28.027199: Connected
2025-04-17 18:12:28.030490: Disconnected
2025-04-17 18:12:28.030490: Disconnected
2025-04-17 18:12:28.387872: Connected
2025-04-17 18:12:28.387872: Disconnected
2025-04-17 18:12:29.309825: Connected
2025-04-17 18:12:29.325817: Disconnected
2025-04-17 18:12:29.674803: Connected
2025-04-17 18:12:29.674803: Disconnected
2025-04-17 18:12:29.706269: Connected
2025-04-17 18:12:29.706269: Disconnected
2025-04-17 18:12:30.056054: Connected
2025-04-17 18:12:30.056054: Disconnected
2025-04-17 18:12:32.837258: Connected
2025-04-17 18:12:32.846283: Disconnected
2025-04-17 18:12:33.059898: Connected
2025-04-17 18:12:33.075544: Disconnected
2025-04-17 18:12:33.250038: Connected
2025-04-17 18:12:33.250038: Disconnected
2025-04-17 18:12:33.567628: Connected
2025-04-17 18:12:33.583608: Disconnected
2025-04-17 18:13:30.795187: Connected
2025-04-17 18:13:30.795187: Disconnected
2025-04-17 18:13:42.351285: Connected
2025-04-17 18:13:42.367110: Disconnected
2025-04-17 18:13:43.814312: Connected
2025-04-17 18:13:43.814312: Disconnected
2025-04-17 18:13:44.021974: Connected
2025-04-17 18:13:44.021974: Disconnected
2025-04-17 18:13:44.195464: Connected
2025-04-17 18:13:44.199178: Disconnected
2025-04-17 18:13:44.530851: Connected
2025-04-17 18:13:44.533237: Disconnected
2025-04-17 19:31:29.745763: Connected
2025-04-17 19:31:29.754771: Disconnected
2025-04-17 19:31:30.036773: Connected
2025-04-17 19:31:30.039773: Disconnected
2025-04-17 19:31:34.632548: Connected
2025-04-17 19:31:34.637541: Disconnected
2025-04-17 19:31:34.876543: Connected
2025-04-17 19:31:34.879544: Disconnected
2025-04-17 19:31:35.044072: Connected
2025-04-17 19:31:35.047113: Disconnected
2025-04-17 19:31:35.373105: Connected
2025-04-17 19:31:35.377071: Disconnected
2025-04-17 19:31:48.616102: Connected
2025-04-17 19:31:48.617103: Submitted answer for question 'What is the name of the biome with large mushrooms?' with answer 'mushroom fields' in quiz 'Minecraft Quiz'
2025-04-17 19:31:48.621107: Correct answer for question: 'What is the name of the biome with large mushrooms?'
2025-04-17 19:31:48.624101: Disconnected
2025-04-17 19:31:50.488954: Connected
2025-04-17 19:31:50.492954: Disconnected
2025-04-17 19:39:59.459551: Connected
2025-04-17 19:39:59.463593: Disconnected
2025-04-17 19:39:59.674092: Connected
2025-04-17 19:39:59.677088: Disconnected
2025-04-17 19:40:00.046084: Connected
2025-04-17 19:40:00.049088: Disconnected
2025-04-17 19:40:17.281731: Connected
2025-04-17 19:40:17.282732: Submitted answer for question 'How many hearts does the player have in Survival mode?' with answer '20' in quiz 'Minecraft Quiz'
2025-04-17 19:40:17.286730: Incorrect answer for question: 'How many hearts does the player have in Survival mode?'
2025-04-17 19:40:17.290737: Disconnected
2025-04-17 19:40:24.766628: Connected
2025-04-17 19:40:24.767637: Submitted answer for question 'How many hearts does the player have in Survival mode?' with answer '10' in quiz 'Minecraft Quiz'
2025-04-17 19:40:24.770632: Correct answer for question: 'How many hearts does the player have in Survival mode?'
2025-04-17 19:40:24.774630: Disconnected
2025-04-17 19:40:26.627736: Connected
2025-04-17 19:40:26.645737: Disconnected
2025-04-17 19:40:37.352602: Connected
2025-04-17 19:40:37.354601: Submitted answer for question 'What is the name of the achievement for defeating the Ender Dragon?' with answer 'free the end' in quiz 'Minecraft Quiz'
2025-04-17 19:40:37.358597: Correct answer for question: 'What is the name of the achievement for defeating the Ender Dragon?'
2025-04-17 19:40:37.362597: Disconnected
2025-04-17 19:40:39.235158: Connected
2025-04-17 19:40:39.260165: Disconnected
2025-04-17 19:41:12.680242: Connected
2025-04-17 19:41:12.690238: Disconnected
2025-04-17 19:41:12.694243: Connected
2025-04-17 19:41:12.700243: Disconnected
2025-04-17 19:41:12.701245: Connected
2025-04-17 19:41:12.708241: Disconnected
2025-04-17 19:41:12.714246: Connected
2025-04-17 19:41:12.719242: Disconnected
2025-04-17 19:41:12.729244: Connected
2025-04-17 19:41:12.730245: Connected
2025-04-17 19:41:12.736244: Disconnected
2025-04-17 19:41:12.737244: Disconnected
2025-04-17 19:41:12.742242: Connected
2025-04-17 19:41:12.746244: Disconnected
2025-04-17 19:41:12.753243: Connected
2025-04-17 19:41:12.758245: Disconnected
2025-04-17 19:41:12.765243: Connected
2025-04-17 19:41:12.771242: Disconnected
2025-04-17 19:41:13.360795: Connected
2025-04-17 19:41:13.361794: Connected
2025-04-17 19:41:13.361794: Connected
2025-04-17 19:41:13.368796: Disconnected
2025-04-17 19:41:13.376797: Disconnected
2025-04-17 19:41:13.381799: Disconnected
2025-04-17 19:41:14.317799: Connected
2025-04-17 19:41:14.325794: Disconnected
2025-04-17 19:41:14.326796: Connected
2025-04-17 19:41:14.333798: Connected
2025-04-17 19:41:14.342797: Disconnected
2025-04-17 19:41:14.345798: Disconnected
2025-04-17 19:41:14.737347: Connected
2025-04-17 19:41:14.740349: Disconnected
2025-04-17 19:41:14.797351: Connected
2025-04-17 19:41:14.803349: Disconnected
2025-04-17 19:41:14.811348: Connected
2025-04-17 19:41:14.814345: Disconnected
2025-04-17 19:41:14.827349: Connected
2025-04-17 19:41:14.829347: Disconnected
2025-04-17 19:41:15.224348: Connected
2025-04-17 19:41:15.228348: Disconnected
2025-04-17 19:41:15.235350: Connected
2025-04-17 19:41:15.239349: Disconnected
2025-04-17 19:41:15.595349: Connected
2025-04-17 19:41:15.598367: Disconnected
2025-04-17 19:41:18.771000: Connected
2025-04-17 19:41:18.779002: Connected
2025-04-17 19:41:18.787998: Disconnected
2025-04-17 19:41:18.788999: Connected
2025-04-17 19:41:18.788999: Disconnected
2025-04-17 19:41:18.796003: Disconnected
2025-04-17 19:41:18.904006: Connected
2025-04-17 19:41:18.911003: Disconnected
2025-04-17 19:41:58.636538: Connected
2025-04-17 19:41:58.640532: Disconnected
2025-04-17 19:41:59.044140: Connected
2025-04-17 19:41:59.047140: Disconnected
2025-04-17 20:40:26.368280: Connected
2025-04-17 20:40:26.371280: Disconnected
2025-04-17 20:40:26.764283: Connected
2025-04-17 20:40:26.767282: Disconnected
2025-04-18 11:36:33.262094: Connected
2025-04-18 11:36:33.264093: Disconnected
2025-04-18 11:36:35.421267: Connected
2025-04-18 11:36:35.440242: Disconnected
2025-04-18 11:36:35.822233: Connected
2025-04-18 11:36:35.823231: Disconnected
2025-04-18 11:36:35.836272: Connected
2025-04-18 11:36:35.862268: Disconnected
2025-04-18 11:36:36.344890: Connected
2025-04-18 11:36:36.357867: Disconnected
